

Started GET "/" for 192.168.40.8 at Tue Mar 01 17:30:56 +0000 2011
  Processing by PagesController#home as HTML
Rendered layouts/_stylesheets.html.erb (1.6ms)
Rendered layouts/_header.html.erb (1.6ms)
Rendered layouts/_footer.html.erb (1.0ms)
Rendered pages/home.html.erb within layouts/application (10.7ms)
Completed 200 OK in 18ms (Views: 17.8ms | ActiveRecord: 0.0ms)


Started GET "/" for 192.168.40.8 at Tue Mar 01 17:31:10 +0000 2011
  Processing by PagesController#home as HTML
Rendered layouts/_stylesheets.html.erb (1.6ms)
Rendered layouts/_header.html.erb (2.0ms)
Rendered layouts/_footer.html.erb (1.2ms)
Rendered pages/home.html.erb within layouts/application (11.1ms)
Completed 200 OK in 17ms (Views: 16.6ms | ActiveRecord: 0.0ms)
  [1m[36mSQL (95.1ms)[0m  [1m SELECT name
 FROM sqlite_master
 WHERE type = 'table' AND NOT name = 'sqlite_sequence'
[0m
  [1m[35mSQL (0.3ms)[0m  select sqlite_version(*)
  [1m[36mSQL (51.9ms)[0m  [1mCREATE TABLE "schema_migrations" ("version" varchar(255) NOT NULL) [0m
  [1m[35mSQL (0.4ms)[0m  PRAGMA index_list("schema_migrations")
  [1m[36mSQL (14.6ms)[0m  [1mCREATE UNIQUE INDEX "unique_schema_migrations" ON "schema_migrations" ("version")[0m
  [1m[35mSQL (0.6ms)[0m   SELECT name
 FROM sqlite_master
 WHERE type = 'table' AND NOT name = 'sqlite_sequence'
  [1m[36mSQL (0.5ms)[0m  [1m SELECT name
 FROM sqlite_master
 WHERE type = 'table' AND NOT name = 'sqlite_sequence'
[0m
  [1m[35mSQL (0.3ms)[0m   SELECT name
 FROM sqlite_master
 WHERE type = 'table' AND NOT name = 'sqlite_sequence'
  [1m[36mSQL (0.2ms)[0m  [1mSELECT "schema_migrations"."version" FROM "schema_migrations"[0m
  [1m[35mSQL (0.3ms)[0m   SELECT name
 FROM sqlite_master
 WHERE type = 'table' AND NOT name = 'sqlite_sequence'
  [1m[36mSQL (1.4ms)[0m  [1m SELECT name
 FROM sqlite_master
 WHERE type = 'table' AND NOT name = 'sqlite_sequence'
[0m
  [1m[35mSQL (0.3ms)[0m   SELECT name
 FROM sqlite_master
 WHERE type = 'table' AND NOT name = 'sqlite_sequence'
  [1m[36mSQL (0.2ms)[0m  [1mSELECT "schema_migrations"."version" FROM "schema_migrations"[0m
Migrating to CreateUsers (20110301181455)
  [1m[35mSQL (0.2ms)[0m  select sqlite_version(*)
  [1m[36mSQL (0.9ms)[0m  [1mCREATE TABLE "users" ("id" INTEGER PRIMARY KEY AUTOINCREMENT NOT NULL, "name" varchar(255), "email" varchar(255), "created_at" datetime, "updated_at" datetime) [0m
  [1m[35mSQL (0.3ms)[0m  INSERT INTO "schema_migrations" ("version") VALUES ('20110301181455')
Migrating to AddEmailUniquenessIndex (20110301182502)
  [1m[36mSQL (0.1ms)[0m  [1mPRAGMA index_list("users")[0m
  [1m[35mSQL (0.7ms)[0m  CREATE UNIQUE INDEX "index_users_on_email" ON "users" ("email")
  [1m[36mSQL (0.2ms)[0m  [1mINSERT INTO "schema_migrations" ("version") VALUES ('20110301182502')[0m
  [1m[35mSQL (0.4ms)[0m   SELECT name
 FROM sqlite_master
 WHERE type = 'table' AND NOT name = 'sqlite_sequence'
  [1m[36mSQL (0.3ms)[0m  [1mSELECT "schema_migrations"."version" FROM "schema_migrations"[0m
  [1m[35mSQL (0.4ms)[0m   SELECT name
 FROM sqlite_master
 WHERE type = 'table' AND NOT name = 'sqlite_sequence'
  [1m[36mSQL (0.1ms)[0m  [1mPRAGMA index_list("users")[0m
  [1m[35mSQL (0.1ms)[0m  PRAGMA index_info('index_users_on_email')


Started GET "/" for 192.168.40.8 at Tue Mar 01 18:42:35 +0000 2011
  Processing by PagesController#home as HTML
Rendered layouts/_stylesheets.html.erb (1.6ms)
Rendered layouts/_header.html.erb (2.5ms)
Rendered layouts/_footer.html.erb (0.9ms)
Rendered pages/home.html.erb within layouts/application (11.3ms)
Completed 200 OK in 17ms (Views: 16.7ms | ActiveRecord: 0.0ms)
  [1m[36mSQL (1.8ms)[0m  [1m SELECT name
 FROM sqlite_master
 WHERE type = 'table' AND NOT name = 'sqlite_sequence'
[0m
  [1m[35mSQL (0.3ms)[0m   SELECT name
 FROM sqlite_master
 WHERE type = 'table' AND NOT name = 'sqlite_sequence'
  [1m[36mSQL (0.3ms)[0m  [1mSELECT "schema_migrations"."version" FROM "schema_migrations"[0m
Migrating to CreateUsers (20110301181455)
Migrating to AddEmailUniquenessIndex (20110301182502)
Migrating to AddPasswordToUsers (20110301184651)
  [1m[35mSQL (0.2ms)[0m  select sqlite_version(*)
  [1m[36mSQL (1.7ms)[0m  [1mALTER TABLE "users" ADD "encrypted_password" varchar(255)[0m
  [1m[35mSQL (0.2ms)[0m  INSERT INTO "schema_migrations" ("version") VALUES ('20110301184651')
  [1m[36mSQL (0.5ms)[0m  [1m SELECT name
 FROM sqlite_master
 WHERE type = 'table' AND NOT name = 'sqlite_sequence'
[0m
  [1m[35mSQL (0.4ms)[0m  SELECT "schema_migrations"."version" FROM "schema_migrations"
  [1m[36mSQL (0.3ms)[0m  [1m SELECT name
 FROM sqlite_master
 WHERE type = 'table' AND NOT name = 'sqlite_sequence'
[0m
  [1m[35mSQL (0.2ms)[0m  PRAGMA index_list("users")
  [1m[36mSQL (0.1ms)[0m  [1mPRAGMA index_info('index_users_on_email')[0m
  [1m[36mSQL (1.6ms)[0m  [1m SELECT name
 FROM sqlite_master
 WHERE type = 'table' AND NOT name = 'sqlite_sequence'
[0m
  [1m[35mSQL (0.3ms)[0m   SELECT name
 FROM sqlite_master
 WHERE type = 'table' AND NOT name = 'sqlite_sequence'
  [1m[36mSQL (1.3ms)[0m  [1mSELECT "schema_migrations"."version" FROM "schema_migrations"[0m
  [1m[35mSQL (0.2ms)[0m  select sqlite_version(*)
  [1m[36mSQL (0.3ms)[0m  [1m SELECT name
 FROM sqlite_master
 WHERE type = 'table' AND NOT name = 'sqlite_sequence'
[0m
  [1m[35mSQL (27.9ms)[0m  CREATE TABLE "users" ("id" INTEGER PRIMARY KEY AUTOINCREMENT NOT NULL, "name" varchar(255), "email" varchar(255), "created_at" datetime, "updated_at" datetime, "encrypted_password" varchar(255)) 
  [1m[36mSQL (0.1ms)[0m  [1mPRAGMA index_list("users")[0m
  [1m[35mSQL (9.6ms)[0m  CREATE UNIQUE INDEX "index_users_on_email" ON "users" ("email")
  [1m[36mSQL (0.3ms)[0m  [1m SELECT name
 FROM sqlite_master
 WHERE type = 'table' AND NOT name = 'sqlite_sequence'
[0m
  [1m[35mSQL (17.1ms)[0m  CREATE TABLE "schema_migrations" ("version" varchar(255) NOT NULL) 
  [1m[36mSQL (0.1ms)[0m  [1mPRAGMA index_list("schema_migrations")[0m
  [1m[35mSQL (9.1ms)[0m  CREATE UNIQUE INDEX "unique_schema_migrations" ON "schema_migrations" ("version")
  [1m[36mSQL (0.3ms)[0m  [1m SELECT name
 FROM sqlite_master
 WHERE type = 'table' AND NOT name = 'sqlite_sequence'
[0m
  [1m[35mSQL (0.2ms)[0m  SELECT version FROM "schema_migrations"
  [1m[36mSQL (8.9ms)[0m  [1mINSERT INTO "schema_migrations" (version) VALUES ('20110301184651')[0m
  [1m[35mSQL (9.2ms)[0m  INSERT INTO "schema_migrations" (version) VALUES ('20110301182502')
  [1m[36mSQL (9.7ms)[0m  [1mINSERT INTO "schema_migrations" (version) VALUES ('20110301181455')[0m
  [1m[36mSQL (49.7ms)[0m  [1m SELECT name
 FROM sqlite_master
 WHERE type = 'table' AND NOT name = 'sqlite_sequence'
[0m
  [1m[35mSQL (0.6ms)[0m   SELECT name
 FROM sqlite_master
 WHERE type = 'table' AND NOT name = 'sqlite_sequence'
  [1m[36mSQL (0.5ms)[0m  [1mSELECT "schema_migrations"."version" FROM "schema_migrations"[0m
Migrating to CreateUsers (20110301181455)
Migrating to AddEmailUniquenessIndex (20110301182502)
Migrating to AddPasswordToUsers (20110301184651)
Migrating to AddSaltToUsers (20110302020535)
  [1m[35mSQL (0.3ms)[0m  select sqlite_version(*)
  [1m[36mSQL (1.3ms)[0m  [1mALTER TABLE "users" ADD "salt" varchar(255)[0m
  [1m[35mSQL (0.4ms)[0m  INSERT INTO "schema_migrations" ("version") VALUES ('20110302020535')
  [1m[36mSQL (0.6ms)[0m  [1m SELECT name
 FROM sqlite_master
 WHERE type = 'table' AND NOT name = 'sqlite_sequence'
[0m
  [1m[35mSQL (0.6ms)[0m  SELECT "schema_migrations"."version" FROM "schema_migrations"
  [1m[36mSQL (0.4ms)[0m  [1m SELECT name
 FROM sqlite_master
 WHERE type = 'table' AND NOT name = 'sqlite_sequence'
[0m
  [1m[35mSQL (0.3ms)[0m  PRAGMA index_list("users")
  [1m[36mSQL (0.2ms)[0m  [1mPRAGMA index_info('index_users_on_email')[0m
  [1m[36mSQL (0.6ms)[0m  [1mselect sqlite_version(*)[0m
  [1m[35mSQL (0.5ms)[0m   SELECT name
 FROM sqlite_master
 WHERE type = 'table' AND NOT name = 'sqlite_sequence'
  [1m[36mSQL (46.7ms)[0m  [1mCREATE TABLE "users" ("id" INTEGER PRIMARY KEY AUTOINCREMENT NOT NULL, "name" varchar(255), "email" varchar(255), "created_at" datetime, "updated_at" datetime, "encrypted_password" varchar(255), "salt" varchar(255)) [0m
  [1m[35mSQL (0.2ms)[0m  PRAGMA index_list("users")
  [1m[36mSQL (10.2ms)[0m  [1mCREATE UNIQUE INDEX "index_users_on_email" ON "users" ("email")[0m
  [1m[35mSQL (0.3ms)[0m   SELECT name
 FROM sqlite_master
 WHERE type = 'table' AND NOT name = 'sqlite_sequence'
  [1m[36mSQL (12.6ms)[0m  [1mCREATE TABLE "schema_migrations" ("version" varchar(255) NOT NULL) [0m
  [1m[35mSQL (0.1ms)[0m  PRAGMA index_list("schema_migrations")
  [1m[36mSQL (9.4ms)[0m  [1mCREATE UNIQUE INDEX "unique_schema_migrations" ON "schema_migrations" ("version")[0m
  [1m[35mSQL (0.3ms)[0m   SELECT name
 FROM sqlite_master
 WHERE type = 'table' AND NOT name = 'sqlite_sequence'
  [1m[36mSQL (0.2ms)[0m  [1mSELECT version FROM "schema_migrations"[0m
  [1m[35mSQL (9.9ms)[0m  INSERT INTO "schema_migrations" (version) VALUES ('20110302020535')
  [1m[36mSQL (11.2ms)[0m  [1mINSERT INTO "schema_migrations" (version) VALUES ('20110301182502')[0m
  [1m[35mSQL (13.2ms)[0m  INSERT INTO "schema_migrations" (version) VALUES ('20110301184651')
  [1m[36mSQL (12.1ms)[0m  [1mINSERT INTO "schema_migrations" (version) VALUES ('20110301181455')[0m
  [1m[35mSQL (0.4ms)[0m   SELECT name
 FROM sqlite_master
 WHERE type = 'table' AND NOT name = 'sqlite_sequence'
  [1m[36mSQL (0.4ms)[0m  [1m SELECT name
 FROM sqlite_master
 WHERE type = 'table' AND NOT name = 'sqlite_sequence'
[0m
  [1m[35mSQL (0.4ms)[0m  SELECT "schema_migrations"."version" FROM "schema_migrations"
  [1m[36mSQL (0.6ms)[0m  [1m SELECT name
 FROM sqlite_master
 WHERE type = 'table' AND NOT name = 'sqlite_sequence'
[0m
  [1m[35mUser Load (0.4ms)[0m  SELECT "users"."id" FROM "users" WHERE (LOWER("users"."email") = LOWER('user@example.com')) LIMIT 1


Started GET "/" for 192.168.1.101 at Wed Mar 02 02:20:34 +0000 2011
  Processing by PagesController#home as HTML
Rendered layouts/_stylesheets.html.erb (1.5ms)
Rendered layouts/_header.html.erb (1.5ms)
Rendered layouts/_footer.html.erb (1.0ms)
Rendered pages/home.html.erb within layouts/application (14.2ms)
Completed 200 OK in 39ms (Views: 37.9ms | ActiveRecord: 0.0ms)


Started GET "/users/1" for 192.168.1.101 at Wed Mar 02 02:20:40 +0000 2011
  Processing by UsersController#show as HTML
  Parameters: {"id"=>"1"}
  [1m[36mSQL (1.4ms)[0m  [1m SELECT name
 FROM sqlite_master
 WHERE type = 'table' AND NOT name = 'sqlite_sequence'
[0m
  [1m[35mUser Load (0.3ms)[0m  SELECT "users".* FROM "users" WHERE ("users"."id" = 1) LIMIT 1
Completed   in 46ms

ActiveRecord::RecordNotFound (Couldn't find User with ID=1):
  app/controllers/users_controller.rb:4:in `show'

Rendered /usr/local/lib/ruby/gems/1.8/gems/actionpack-3.0.1/lib/action_dispatch/middleware/templates/rescues/_trace.erb (1.4ms)
Rendered /usr/local/lib/ruby/gems/1.8/gems/actionpack-3.0.1/lib/action_dispatch/middleware/templates/rescues/_request_and_response.erb (5.2ms)
Rendered /usr/local/lib/ruby/gems/1.8/gems/actionpack-3.0.1/lib/action_dispatch/middleware/templates/rescues/diagnostics.erb within rescues/layout (26.1ms)


Started GET "/users/1" for 192.168.1.101 at Wed Mar 02 02:21:34 +0000 2011
  Processing by UsersController#show as HTML
  Parameters: {"id"=>"1"}
  [1m[36mUser Load (0.3ms)[0m  [1mSELECT "users".* FROM "users" WHERE ("users"."id" = 1) LIMIT 1[0m
Completed   in 24ms

ActiveRecord::RecordNotFound (Couldn't find User with ID=1):
  app/controllers/users_controller.rb:4:in `show'

Rendered /usr/local/lib/ruby/gems/1.8/gems/actionpack-3.0.1/lib/action_dispatch/middleware/templates/rescues/_trace.erb (2.3ms)
Rendered /usr/local/lib/ruby/gems/1.8/gems/actionpack-3.0.1/lib/action_dispatch/middleware/templates/rescues/_request_and_response.erb (9.2ms)
Rendered /usr/local/lib/ruby/gems/1.8/gems/actionpack-3.0.1/lib/action_dispatch/middleware/templates/rescues/diagnostics.erb within rescues/layout (19.4ms)


Started GET "/users/1" for 192.168.1.101 at Wed Mar 02 02:22:39 +0000 2011
  Processing by UsersController#show as HTML
  Parameters: {"id"=>"1"}
  [1m[35mUser Load (0.2ms)[0m  SELECT "users".* FROM "users" WHERE ("users"."id" = 1) LIMIT 1
Completed   in 11ms

ActiveRecord::RecordNotFound (Couldn't find User with ID=1):
  app/controllers/users_controller.rb:4:in `show'

Rendered /usr/local/lib/ruby/gems/1.8/gems/actionpack-3.0.1/lib/action_dispatch/middleware/templates/rescues/_trace.erb (1.2ms)
Rendered /usr/local/lib/ruby/gems/1.8/gems/actionpack-3.0.1/lib/action_dispatch/middleware/templates/rescues/_request_and_response.erb (4.8ms)
Rendered /usr/local/lib/ruby/gems/1.8/gems/actionpack-3.0.1/lib/action_dispatch/middleware/templates/rescues/diagnostics.erb within rescues/layout (10.9ms)
  [1m[36mSQL (1.7ms)[0m  [1m SELECT name
 FROM sqlite_master
 WHERE type = 'table' AND NOT name = 'sqlite_sequence'
[0m
  [1m[35mUser Load (0.2ms)[0m  SELECT "users".* FROM "users" LIMIT 1
  [1m[36mUser Load (0.3ms)[0m  [1mSELECT "users"."id" FROM "users" WHERE (LOWER("users"."email") = LOWER('user@example.com')) LIMIT 1[0m
  [1m[35mSQL (0.8ms)[0m   SELECT name
 FROM sqlite_master
 WHERE type = 'table' AND NOT name = 'sqlite_sequence'
  [1m[36mUser Load (0.4ms)[0m  [1mSELECT "users"."id" FROM "users" WHERE (LOWER("users"."email") = LOWER('user2@example.com')) LIMIT 1[0m
  [1m[35mUser Load (0.4ms)[0m  SELECT "users"."id" FROM "users" WHERE (LOWER("users"."email") = LOWER('user2@example.com')) LIMIT 1
  [1m[36mSQL (1.6ms)[0m  [1m SELECT name
 FROM sqlite_master
 WHERE type = 'table' AND NOT name = 'sqlite_sequence'
[0m
  [1m[35mSQL (0.4ms)[0m   SELECT name
 FROM sqlite_master
 WHERE type = 'table' AND NOT name = 'sqlite_sequence'
  [1m[36mUser Load (0.2ms)[0m  [1mSELECT "users".* FROM "users" LIMIT 1[0m


Started GET "/" for 192.168.1.101 at Wed Mar 02 02:32:45 +0000 2011
  Processing by PagesController#home as HTML
Rendered layouts/_stylesheets.html.erb (1.3ms)
Rendered layouts/_header.html.erb (1.6ms)
Rendered layouts/_footer.html.erb (0.9ms)
Rendered pages/home.html.erb within layouts/application (10.3ms)
Completed 200 OK in 16ms (Views: 15.3ms | ActiveRecord: 0.0ms)


Started GET "/signup" for 192.168.1.101 at Wed Mar 02 02:32:47 +0000 2011
  Processing by UsersController#new as HTML
Rendered layouts/_stylesheets.html.erb (2.3ms)
Rendered layouts/_header.html.erb (2.9ms)
Rendered layouts/_footer.html.erb (1.7ms)
Rendered users/new.html.erb within layouts/application (16.3ms)
Completed 200 OK in 54ms (Views: 53.8ms | ActiveRecord: 0.0ms)
  [1m[36mSQL (0.5ms)[0m  [1m SELECT name
 FROM sqlite_master
 WHERE type = 'table' AND NOT name = 'sqlite_sequence'
[0m
  [1m[35mUser Load (0.2ms)[0m  SELECT "users"."id" FROM "users" WHERE (LOWER("users"."email") = LOWER('user@example.com')) LIMIT 1
  [1m[36mSQL (0.7ms)[0m  [1mselect sqlite_version(*)[0m
  [1m[35mSQL (0.8ms)[0m   SELECT name
 FROM sqlite_master
 WHERE type = 'table' AND NOT name = 'sqlite_sequence'
  [1m[36mSQL (51.2ms)[0m  [1mCREATE TABLE "users" ("id" INTEGER PRIMARY KEY AUTOINCREMENT NOT NULL, "name" varchar(255), "email" varchar(255), "created_at" datetime, "updated_at" datetime, "encrypted_password" varchar(255), "salt" varchar(255)) [0m
  [1m[35mSQL (0.2ms)[0m  PRAGMA index_list("users")
  [1m[36mSQL (14.5ms)[0m  [1mCREATE UNIQUE INDEX "index_users_on_email" ON "users" ("email")[0m
  [1m[35mSQL (0.4ms)[0m   SELECT name
 FROM sqlite_master
 WHERE type = 'table' AND NOT name = 'sqlite_sequence'
  [1m[36mSQL (15.3ms)[0m  [1mCREATE TABLE "schema_migrations" ("version" varchar(255) NOT NULL) [0m
  [1m[35mSQL (0.1ms)[0m  PRAGMA index_list("schema_migrations")
  [1m[36mSQL (11.2ms)[0m  [1mCREATE UNIQUE INDEX "unique_schema_migrations" ON "schema_migrations" ("version")[0m
  [1m[35mSQL (0.3ms)[0m   SELECT name
 FROM sqlite_master
 WHERE type = 'table' AND NOT name = 'sqlite_sequence'
  [1m[36mSQL (0.2ms)[0m  [1mSELECT version FROM "schema_migrations"[0m
  [1m[35mSQL (11.2ms)[0m  INSERT INTO "schema_migrations" (version) VALUES ('20110302020535')
  [1m[36mSQL (9.6ms)[0m  [1mINSERT INTO "schema_migrations" (version) VALUES ('20110301182502')[0m
  [1m[35mSQL (13.0ms)[0m  INSERT INTO "schema_migrations" (version) VALUES ('20110301184651')
  [1m[36mSQL (9.1ms)[0m  [1mINSERT INTO "schema_migrations" (version) VALUES ('20110301181455')[0m
  [1m[35mSQL (1.2ms)[0m   SELECT name
 FROM sqlite_master
 WHERE type = 'table' AND NOT name = 'sqlite_sequence'
  [1m[36mSQL (0.3ms)[0m  [1m SELECT name
 FROM sqlite_master
 WHERE type = 'table' AND NOT name = 'sqlite_sequence'
[0m
  [1m[35mSQL (0.3ms)[0m  SELECT "schema_migrations"."version" FROM "schema_migrations"
  [1m[36mSQL (1.5ms)[0m  [1m SELECT name
 FROM sqlite_master
 WHERE type = 'table' AND NOT name = 'sqlite_sequence'
[0m
  [1m[35mSQL (0.3ms)[0m   SELECT name
 FROM sqlite_master
 WHERE type = 'table' AND NOT name = 'sqlite_sequence'
  [1m[36mSQL (0.4ms)[0m  [1mSELECT "schema_migrations"."version" FROM "schema_migrations"[0m
Migrating to CreateUsers (20110301181455)
Migrating to AddEmailUniquenessIndex (20110301182502)
Migrating to AddPasswordToUsers (20110301184651)
Migrating to AddSaltToUsers (20110302020535)
  [1m[35mSQL (0.2ms)[0m  select sqlite_version(*)
  [1m[36mSQL (0.3ms)[0m  [1m SELECT name
 FROM sqlite_master
 WHERE type = 'table' AND NOT name = 'sqlite_sequence'
[0m
  [1m[35mSQL (0.3ms)[0m  SELECT "schema_migrations"."version" FROM "schema_migrations"
  [1m[36mSQL (0.3ms)[0m  [1m SELECT name
 FROM sqlite_master
 WHERE type = 'table' AND NOT name = 'sqlite_sequence'
[0m
  [1m[35mSQL (0.2ms)[0m  PRAGMA index_list("users")
  [1m[36mSQL (0.2ms)[0m  [1mPRAGMA index_info('index_users_on_email')[0m
  [1m[36mSQL (0.3ms)[0m  [1m SELECT name
 FROM sqlite_master
 WHERE type = 'table' AND NOT name = 'sqlite_sequence'
[0m
  [1m[35mUser Load (0.2ms)[0m  SELECT "users"."id" FROM "users" WHERE (LOWER("users"."email") = LOWER('user@example.com')) LIMIT 1
  [1m[36mSQL (0.6ms)[0m  [1m SELECT name
 FROM sqlite_master
 WHERE type = 'table' AND NOT name = 'sqlite_sequence'
[0m
  [1m[36mSQL (0.4ms)[0m  [1m SELECT name
 FROM sqlite_master
 WHERE type = 'table' AND NOT name = 'sqlite_sequence'
[0m
  [1m[35mUser Load (0.2ms)[0m  SELECT "users"."id" FROM "users" WHERE (LOWER("users"."email") = LOWER('user@example.com')) LIMIT 1
  [1m[36mSQL (0.5ms)[0m  [1m SELECT name
 FROM sqlite_master
 WHERE type = 'table' AND NOT name = 'sqlite_sequence'
[0m
  [1m[35mUser Load (0.4ms)[0m  SELECT "users"."id" FROM "users" WHERE (LOWER("users"."email") = LOWER('example@example.com')) LIMIT 1
  [1m[36mSQL (0.4ms)[0m  [1m SELECT name
 FROM sqlite_master
 WHERE type = 'table' AND NOT name = 'sqlite_sequence'
[0m
  [1m[35mUser Load (0.2ms)[0m  SELECT "users"."id" FROM "users" WHERE (LOWER("users"."email") = LOWER('example@example.com')) LIMIT 1
  [1m[36mSQL (1.2ms)[0m  [1mINSERT INTO "users" ("created_at", "email", "encrypted_password", "name", "salt", "updated_at") VALUES ('2011-03-02 12:30:49.878962', 'example@example.com', '9619ca4132012751e133089ef3f518218233e3980ed6f5efcab6e340432e23af', 'example', '85d232ebae0e6be5d2babbef66e03757a5792216a77339ba1030503ae045db6a', '2011-03-02 12:30:49.878962')[0m


Started GET "/" for 192.168.40.8 at Wed Mar 02 12:31:10 +0000 2011
  Processing by PagesController#home as HTML
Rendered layouts/_stylesheets.html.erb (4.1ms)
Rendered layouts/_header.html.erb (2.6ms)
Rendered layouts/_footer.html.erb (1.0ms)
Rendered pages/home.html.erb within layouts/application (16.8ms)
Completed 200 OK in 56ms (Views: 55.1ms | ActiveRecord: 0.0ms)


Started GET "/users/1" for 192.168.40.8 at Wed Mar 02 12:31:15 +0000 2011
  Processing by UsersController#show as HTML
  Parameters: {"id"=>"1"}
  [1m[36mSQL (1.5ms)[0m  [1m SELECT name
 FROM sqlite_master
 WHERE type = 'table' AND NOT name = 'sqlite_sequence'
[0m
  [1m[35mUser Load (0.5ms)[0m  SELECT "users".* FROM "users" WHERE ("users"."id" = 1) LIMIT 1
Rendered layouts/_stylesheets.html.erb (1.4ms)
Rendered layouts/_header.html.erb (1.9ms)
Rendered layouts/_footer.html.erb (1.2ms)
Rendered users/show.html.erb within layouts/application (12.1ms)
Completed 200 OK in 79ms (Views: 30.9ms | ActiveRecord: 1.9ms)
  [1m[36mSQL (1.3ms)[0m  [1m SELECT name
 FROM sqlite_master
 WHERE type = 'table' AND NOT name = 'sqlite_sequence'
[0m
  [1m[35mUser Load (0.4ms)[0m  SELECT "users".* FROM "users" LIMIT 1
  [1m[36mUser Load (0.7ms)[0m  [1mSELECT "users"."id" FROM "users" WHERE (LOWER("users"."email") = LOWER('example@railstutorial.org')) AND ("users".id <> 1) LIMIT 1[0m
  [1m[35mSQL (33.8ms)[0m  UPDATE "users" SET "email" = 'example@railstutorial.org', "updated_at" = '2011-03-02 12:35:41.986302' WHERE ("users"."id" = 1)


Started GET "/users/1" for 192.168.40.8 at Wed Mar 02 12:36:33 +0000 2011
  Processing by UsersController#show as HTML
  Parameters: {"id"=>"1"}
  [1m[36mUser Load (0.4ms)[0m  [1mSELECT "users".* FROM "users" WHERE ("users"."id" = 1) LIMIT 1[0m
Rendered users/show.html.erb within layouts/application (61.6ms)
Completed   in 90ms

ActionView::Template::Error (undefined method `gravatar_image_tag' for #<#<Class:0x9482868>:0x947f244>):
    1: <h1>
    2:   <%= gravatar_image_tag @user.email %>
    3:   <%= @user_name %>
    4: </h1>
  app/views/users/show.html.erb:2:in `_app_views_users_show_html_erb__160202419_77837470_0'

Rendered /usr/local/lib/ruby/gems/1.8/gems/actionpack-3.0.1/lib/action_dispatch/middleware/templates/rescues/_trace.erb (2.3ms)
Rendered /usr/local/lib/ruby/gems/1.8/gems/actionpack-3.0.1/lib/action_dispatch/middleware/templates/rescues/_request_and_response.erb (14.1ms)
Rendered /usr/local/lib/ruby/gems/1.8/gems/actionpack-3.0.1/lib/action_dispatch/middleware/templates/rescues/template_error.erb within rescues/layout (29.1ms)


Started GET "/users/1" for 192.168.40.8 at Wed Mar 02 12:38:14 +0000 2011
  Processing by UsersController#show as HTML
  Parameters: {"id"=>"1"}
  [1m[35mUser Load (0.3ms)[0m  SELECT "users".* FROM "users" WHERE ("users"."id" = 1) LIMIT 1
Rendered users/show.html.erb within layouts/application (11.6ms)
Completed   in 34ms

ActionView::Template::Error (undefined method `gravatar_image_tag' for #<#<Class:0x9bc33c0>:0x9bc213c>):
    1: <h1>
    2: #  <%= gravatar_image_tag @user.email %>
    3:   <%= @user_name %>
    4: </h1>
  app/views/users/show.html.erb:2:in `_app_views_users_show_html_erb__160202419_81660430_0'

Rendered /usr/local/lib/ruby/gems/1.8/gems/actionpack-3.0.1/lib/action_dispatch/middleware/templates/rescues/_trace.erb (1.2ms)
Rendered /usr/local/lib/ruby/gems/1.8/gems/actionpack-3.0.1/lib/action_dispatch/middleware/templates/rescues/_request_and_response.erb (7.5ms)
Rendered /usr/local/lib/ruby/gems/1.8/gems/actionpack-3.0.1/lib/action_dispatch/middleware/templates/rescues/template_error.erb within rescues/layout (14.1ms)


Started GET "/users/1" for 192.168.40.8 at Wed Mar 02 12:38:15 +0000 2011
  Processing by UsersController#show as HTML
  Parameters: {"id"=>"1"}
  [1m[36mUser Load (0.3ms)[0m  [1mSELECT "users".* FROM "users" WHERE ("users"."id" = 1) LIMIT 1[0m
Rendered users/show.html.erb within layouts/application (13.6ms)
Completed   in 36ms

ActionView::Template::Error (undefined method `gravatar_image_tag' for #<#<Class:0x99256e0>:0x9921540>):
    1: <h1>
    2: #  <%= gravatar_image_tag @user.email %>
    3:   <%= @user_name %>
    4: </h1>
  app/views/users/show.html.erb:2:in `_app_views_users_show_html_erb__160202419_80277130_0'

Rendered /usr/local/lib/ruby/gems/1.8/gems/actionpack-3.0.1/lib/action_dispatch/middleware/templates/rescues/_trace.erb (1.2ms)
Rendered /usr/local/lib/ruby/gems/1.8/gems/actionpack-3.0.1/lib/action_dispatch/middleware/templates/rescues/_request_and_response.erb (6.7ms)
Rendered /usr/local/lib/ruby/gems/1.8/gems/actionpack-3.0.1/lib/action_dispatch/middleware/templates/rescues/template_error.erb within rescues/layout (56.9ms)


Started GET "/users/1" for 192.168.40.8 at Wed Mar 02 12:38:17 +0000 2011
  Processing by UsersController#show as HTML
  Parameters: {"id"=>"1"}
  [1m[35mUser Load (0.5ms)[0m  SELECT "users".* FROM "users" WHERE ("users"."id" = 1) LIMIT 1
Rendered users/show.html.erb within layouts/application (12.9ms)
Completed   in 35ms

ActionView::Template::Error (undefined method `gravatar_image_tag' for #<#<Class:0x9c06544>:0x9c05130>):
    1: <h1>
    2: #  <%= gravatar_image_tag @user.email %>
    3:   <%= @user_name %>
    4: </h1>
  app/views/users/show.html.erb:2:in `_app_views_users_show_html_erb__160202419_81796280_0'

Rendered /usr/local/lib/ruby/gems/1.8/gems/actionpack-3.0.1/lib/action_dispatch/middleware/templates/rescues/_trace.erb (1.2ms)
Rendered /usr/local/lib/ruby/gems/1.8/gems/actionpack-3.0.1/lib/action_dispatch/middleware/templates/rescues/_request_and_response.erb (6.6ms)
Rendered /usr/local/lib/ruby/gems/1.8/gems/actionpack-3.0.1/lib/action_dispatch/middleware/templates/rescues/template_error.erb within rescues/layout (12.6ms)


Started GET "/users/1" for 192.168.40.8 at Wed Mar 02 12:38:17 +0000 2011
  Processing by UsersController#show as HTML
  Parameters: {"id"=>"1"}
  [1m[36mUser Load (0.4ms)[0m  [1mSELECT "users".* FROM "users" WHERE ("users"."id" = 1) LIMIT 1[0m
Rendered users/show.html.erb within layouts/application (13.3ms)
Completed   in 37ms

ActionView::Template::Error (undefined method `gravatar_image_tag' for #<#<Class:0x997a53c>:0x996bc44>):
    1: <h1>
    2: #  <%= gravatar_image_tag @user.email %>
    3:   <%= @user_name %>
    4: </h1>
  app/views/users/show.html.erb:2:in `_app_views_users_show_html_erb__160202419_80434050_0'

Rendered /usr/local/lib/ruby/gems/1.8/gems/actionpack-3.0.1/lib/action_dispatch/middleware/templates/rescues/_trace.erb (1.6ms)
Rendered /usr/local/lib/ruby/gems/1.8/gems/actionpack-3.0.1/lib/action_dispatch/middleware/templates/rescues/_request_and_response.erb (49.0ms)
Rendered /usr/local/lib/ruby/gems/1.8/gems/actionpack-3.0.1/lib/action_dispatch/middleware/templates/rescues/template_error.erb within rescues/layout (55.8ms)


Started GET "/users/1" for 192.168.40.8 at Wed Mar 02 12:38:18 +0000 2011
  Processing by UsersController#show as HTML
  Parameters: {"id"=>"1"}
  [1m[35mUser Load (0.8ms)[0m  SELECT "users".* FROM "users" WHERE ("users"."id" = 1) LIMIT 1
Rendered users/show.html.erb within layouts/application (17.5ms)
Completed   in 57ms

ActionView::Template::Error (undefined method `gravatar_image_tag' for #<#<Class:0x9c1b980>:0x9c18a64>):
    1: <h1>
    2: #  <%= gravatar_image_tag @user.email %>
    3:   <%= @user_name %>
    4: </h1>
  app/views/users/show.html.erb:2:in `_app_views_users_show_html_erb__160202419_81836620_0'

Rendered /usr/local/lib/ruby/gems/1.8/gems/actionpack-3.0.1/lib/action_dispatch/middleware/templates/rescues/_trace.erb (1.3ms)
Rendered /usr/local/lib/ruby/gems/1.8/gems/actionpack-3.0.1/lib/action_dispatch/middleware/templates/rescues/_request_and_response.erb (5.8ms)
Rendered /usr/local/lib/ruby/gems/1.8/gems/actionpack-3.0.1/lib/action_dispatch/middleware/templates/rescues/template_error.erb within rescues/layout (12.7ms)


Started GET "/users/1" for 192.168.40.8 at Wed Mar 02 12:38:19 +0000 2011
  Processing by UsersController#show as HTML
  Parameters: {"id"=>"1"}
  [1m[36mUser Load (0.4ms)[0m  [1mSELECT "users".* FROM "users" WHERE ("users"."id" = 1) LIMIT 1[0m
Rendered users/show.html.erb within layouts/application (13.7ms)
Completed   in 38ms

ActionView::Template::Error (undefined method `gravatar_image_tag' for #<#<Class:0x9983c04>:0x9982318>):
    1: <h1>
    2: #  <%= gravatar_image_tag @user.email %>
    3:   <%= @user_name %>
    4: </h1>
  app/views/users/show.html.erb:2:in `_app_views_users_show_html_erb__160202419_80479860_0'

Rendered /usr/local/lib/ruby/gems/1.8/gems/actionpack-3.0.1/lib/action_dispatch/middleware/templates/rescues/_trace.erb (1.3ms)
Rendered /usr/local/lib/ruby/gems/1.8/gems/actionpack-3.0.1/lib/action_dispatch/middleware/templates/rescues/_request_and_response.erb (50.6ms)
Rendered /usr/local/lib/ruby/gems/1.8/gems/actionpack-3.0.1/lib/action_dispatch/middleware/templates/rescues/template_error.erb within rescues/layout (57.8ms)


Started GET "/users/1" for 192.168.40.8 at Wed Mar 02 12:38:20 +0000 2011
  Processing by UsersController#show as HTML
  Parameters: {"id"=>"1"}
  [1m[35mUser Load (0.4ms)[0m  SELECT "users".* FROM "users" WHERE ("users"."id" = 1) LIMIT 1
Rendered users/show.html.erb within layouts/application (13.2ms)
Completed   in 39ms

ActionView::Template::Error (undefined method `gravatar_image_tag' for #<#<Class:0x9c39444>:0x9c33c38>):
    1: <h1>
    2: #  <%= gravatar_image_tag @user.email %>
    3:   <%= @user_name %>
    4: </h1>
  app/views/users/show.html.erb:2:in `_app_views_users_show_html_erb__160202419_81887710_0'

Rendered /usr/local/lib/ruby/gems/1.8/gems/actionpack-3.0.1/lib/action_dispatch/middleware/templates/rescues/_trace.erb (1.6ms)
Rendered /usr/local/lib/ruby/gems/1.8/gems/actionpack-3.0.1/lib/action_dispatch/middleware/templates/rescues/_request_and_response.erb (5.8ms)
Rendered /usr/local/lib/ruby/gems/1.8/gems/actionpack-3.0.1/lib/action_dispatch/middleware/templates/rescues/template_error.erb within rescues/layout (12.7ms)


Started GET "/users/1" for 192.168.40.8 at Wed Mar 02 12:38:20 +0000 2011
  Processing by UsersController#show as HTML
  Parameters: {"id"=>"1"}
  [1m[36mUser Load (0.4ms)[0m  [1mSELECT "users".* FROM "users" WHERE ("users"."id" = 1) LIMIT 1[0m
Rendered users/show.html.erb within layouts/application (12.0ms)
Completed   in 35ms

ActionView::Template::Error (undefined method `gravatar_image_tag' for #<#<Class:0x998dbb4>:0x998c430>):
    1: <h1>
    2: #  <%= gravatar_image_tag @user.email %>
    3:   <%= @user_name %>
    4: </h1>
  app/views/users/show.html.erb:2:in `_app_views_users_show_html_erb__160202419_80499530_0'

Rendered /usr/local/lib/ruby/gems/1.8/gems/actionpack-3.0.1/lib/action_dispatch/middleware/templates/rescues/_trace.erb (1.4ms)
Rendered /usr/local/lib/ruby/gems/1.8/gems/actionpack-3.0.1/lib/action_dispatch/middleware/templates/rescues/_request_and_response.erb (51.2ms)
Rendered /usr/local/lib/ruby/gems/1.8/gems/actionpack-3.0.1/lib/action_dispatch/middleware/templates/rescues/template_error.erb within rescues/layout (57.5ms)


Started GET "/users/1" for 192.168.40.8 at Wed Mar 02 12:38:20 +0000 2011
  Processing by UsersController#show as HTML
  Parameters: {"id"=>"1"}
  [1m[35mUser Load (0.4ms)[0m  SELECT "users".* FROM "users" WHERE ("users"."id" = 1) LIMIT 1
Rendered users/show.html.erb within layouts/application (11.4ms)
Completed   in 37ms

ActionView::Template::Error (undefined method `gravatar_image_tag' for #<#<Class:0x9c4b34c>:0x9c4a4c4>):
    1: <h1>
    2: #  <%= gravatar_image_tag @user.email %>
    3:   <%= @user_name %>
    4: </h1>
  app/views/users/show.html.erb:2:in `_app_views_users_show_html_erb__160202419_81939090_0'

Rendered /usr/local/lib/ruby/gems/1.8/gems/actionpack-3.0.1/lib/action_dispatch/middleware/templates/rescues/_trace.erb (1.2ms)
Rendered /usr/local/lib/ruby/gems/1.8/gems/actionpack-3.0.1/lib/action_dispatch/middleware/templates/rescues/_request_and_response.erb (8.1ms)
Rendered /usr/local/lib/ruby/gems/1.8/gems/actionpack-3.0.1/lib/action_dispatch/middleware/templates/rescues/template_error.erb within rescues/layout (18.7ms)


Started GET "/users/1" for 192.168.40.8 at Wed Mar 02 12:38:21 +0000 2011
  Processing by UsersController#show as HTML
  Parameters: {"id"=>"1"}
  [1m[36mUser Load (0.4ms)[0m  [1mSELECT "users".* FROM "users" WHERE ("users"."id" = 1) LIMIT 1[0m
Rendered users/show.html.erb within layouts/application (11.0ms)
Completed   in 36ms

ActionView::Template::Error (undefined method `gravatar_image_tag' for #<#<Class:0x99c5dfc>:0x99c38b8>):
    1: <h1>
    2: #  <%= gravatar_image_tag @user.email %>
    3:   <%= @user_name %>
    4: </h1>
  app/views/users/show.html.erb:2:in `_app_views_users_show_html_erb__160202419_80610330_0'

Rendered /usr/local/lib/ruby/gems/1.8/gems/actionpack-3.0.1/lib/action_dispatch/middleware/templates/rescues/_trace.erb (2.0ms)
Rendered /usr/local/lib/ruby/gems/1.8/gems/actionpack-3.0.1/lib/action_dispatch/middleware/templates/rescues/_request_and_response.erb (6.8ms)
Rendered /usr/local/lib/ruby/gems/1.8/gems/actionpack-3.0.1/lib/action_dispatch/middleware/templates/rescues/template_error.erb within rescues/layout (58.7ms)


Started GET "/users/1" for 192.168.40.8 at Wed Mar 02 12:38:21 +0000 2011
  Processing by UsersController#show as HTML
  Parameters: {"id"=>"1"}
  [1m[35mUser Load (0.6ms)[0m  SELECT "users".* FROM "users" WHERE ("users"."id" = 1) LIMIT 1
Rendered users/show.html.erb within layouts/application (13.1ms)
Completed   in 37ms

ActionView::Template::Error (undefined method `gravatar_image_tag' for #<#<Class:0x9c52700>:0x9c4fadc>):
    1: <h1>
    2: #  <%= gravatar_image_tag @user.email %>
    3:   <%= @user_name %>
    4: </h1>
  app/views/users/show.html.erb:2:in `_app_views_users_show_html_erb__160202419_81945740_0'

Rendered /usr/local/lib/ruby/gems/1.8/gems/actionpack-3.0.1/lib/action_dispatch/middleware/templates/rescues/_trace.erb (1.4ms)
Rendered /usr/local/lib/ruby/gems/1.8/gems/actionpack-3.0.1/lib/action_dispatch/middleware/templates/rescues/_request_and_response.erb (5.4ms)
Rendered /usr/local/lib/ruby/gems/1.8/gems/actionpack-3.0.1/lib/action_dispatch/middleware/templates/rescues/template_error.erb within rescues/layout (13.8ms)


Started GET "/users/1" for 192.168.40.8 at Wed Mar 02 12:38:21 +0000 2011
  Processing by UsersController#show as HTML
  Parameters: {"id"=>"1"}
  [1m[36mUser Load (0.3ms)[0m  [1mSELECT "users".* FROM "users" WHERE ("users"."id" = 1) LIMIT 1[0m
Rendered users/show.html.erb within layouts/application (13.0ms)
Completed   in 35ms

ActionView::Template::Error (undefined method `gravatar_image_tag' for #<#<Class:0x99c0c44>:0x99bf4c0>):
    1: <h1>
    2: #  <%= gravatar_image_tag @user.email %>
    3:   <%= @user_name %>
    4: </h1>
  app/views/users/show.html.erb:2:in `_app_views_users_show_html_erb__160202419_80603450_0'

Rendered /usr/local/lib/ruby/gems/1.8/gems/actionpack-3.0.1/lib/action_dispatch/middleware/templates/rescues/_trace.erb (1.3ms)
Rendered /usr/local/lib/ruby/gems/1.8/gems/actionpack-3.0.1/lib/action_dispatch/middleware/templates/rescues/_request_and_response.erb (6.1ms)
Rendered /usr/local/lib/ruby/gems/1.8/gems/actionpack-3.0.1/lib/action_dispatch/middleware/templates/rescues/template_error.erb within rescues/layout (12.3ms)


Started GET "/users/1" for 192.168.40.8 at Wed Mar 02 12:38:41 +0000 2011
  Processing by UsersController#show as HTML
  Parameters: {"id"=>"1"}
  [1m[35mUser Load (0.3ms)[0m  SELECT "users".* FROM "users" WHERE ("users"."id" = 1) LIMIT 1
Rendered layouts/_stylesheets.html.erb (1.2ms)
Rendered layouts/_header.html.erb (1.6ms)
Rendered layouts/_footer.html.erb (1.0ms)
Rendered users/show.html.erb within layouts/application (9.8ms)
Completed 200 OK in 35ms (Views: 16.6ms | ActiveRecord: 0.3ms)
  [1m[36mSQL (1.2ms)[0m  [1m SELECT name
 FROM sqlite_master
 WHERE type = 'table' AND NOT name = 'sqlite_sequence'
[0m
  [1m[35mUser Load (0.3ms)[0m  SELECT "users".* FROM "users" LIMIT 1


Started GET "/users/1" for 192.168.40.8 at Wed Mar 02 12:40:42 +0000 2011
  Processing by UsersController#show as HTML
  Parameters: {"id"=>"1"}
  [1m[36mUser Load (0.4ms)[0m  [1mSELECT "users".* FROM "users" WHERE ("users"."id" = 1) LIMIT 1[0m
Rendered layouts/_stylesheets.html.erb (1.3ms)
Rendered layouts/_header.html.erb (1.8ms)
Rendered layouts/_footer.html.erb (0.9ms)
Rendered users/show.html.erb within layouts/application (10.4ms)
Completed 200 OK in 32ms (Views: 15.6ms | ActiveRecord: 0.4ms)


Started GET "/users/1" for 192.168.40.8 at Wed Mar 02 12:41:09 +0000 2011
  Processing by UsersController#show as HTML
  Parameters: {"id"=>"1"}
  [1m[35mUser Load (0.4ms)[0m  SELECT "users".* FROM "users" WHERE ("users"."id" = 1) LIMIT 1
Rendered users/show.html.erb within layouts/application (13.4ms)
Completed   in 38ms

ActionView::Template::Error (undefined method `gravatar_image_tag' for #<#<Class:0x9904f30>:0x9902500>):
    1: <h1>
    2:   <%= gravatar_image_tag @user.email %>
    3:   <%= @user.name %>
    4: </h1>
  app/views/users/show.html.erb:2:in `_app_views_users_show_html_erb__160202419_80219140_0'

Rendered /usr/local/lib/ruby/gems/1.8/gems/actionpack-3.0.1/lib/action_dispatch/middleware/templates/rescues/_trace.erb (47.8ms)
Rendered /usr/local/lib/ruby/gems/1.8/gems/actionpack-3.0.1/lib/action_dispatch/middleware/templates/rescues/_request_and_response.erb (6.0ms)
Rendered /usr/local/lib/ruby/gems/1.8/gems/actionpack-3.0.1/lib/action_dispatch/middleware/templates/rescues/template_error.erb within rescues/layout (60.0ms)


Started GET "/users/1" for 192.168.40.8 at Wed Mar 02 12:49:13 +0000 2011
  Processing by UsersController#show as HTML
  Parameters: {"id"=>"1"}
  [1m[36mUser Load (0.3ms)[0m  [1mSELECT "users".* FROM "users" WHERE ("users"."id" = 1) LIMIT 1[0m
Rendered users/show.html.erb within layouts/application (12.4ms)
Completed   in 35ms

ActionView::Template::Error (undefined method `gravatar_image_tag' for #<#<Class:0x9c1006c>:0x9c0f158>):
    1: <h1>
    2:   <%= gravatar_image_tag @user.email %>
    3:   <%= @user.name %>
    4: </h1>
  app/views/users/show.html.erb:2:in `_app_views_users_show_html_erb__160202419_81816730_0'

Rendered /usr/local/lib/ruby/gems/1.8/gems/actionpack-3.0.1/lib/action_dispatch/middleware/templates/rescues/_trace.erb (1.3ms)
Rendered /usr/local/lib/ruby/gems/1.8/gems/actionpack-3.0.1/lib/action_dispatch/middleware/templates/rescues/_request_and_response.erb (7.1ms)
Rendered /usr/local/lib/ruby/gems/1.8/gems/actionpack-3.0.1/lib/action_dispatch/middleware/templates/rescues/template_error.erb within rescues/layout (14.0ms)


Started GET "/users/1" for 192.168.40.8 at Wed Mar 02 12:49:14 +0000 2011
  Processing by UsersController#show as HTML
  Parameters: {"id"=>"1"}
  [1m[35mUser Load (0.4ms)[0m  SELECT "users".* FROM "users" WHERE ("users"."id" = 1) LIMIT 1
Rendered users/show.html.erb within layouts/application (13.0ms)
Completed   in 36ms

ActionView::Template::Error (undefined method `gravatar_image_tag' for #<#<Class:0x9987b88>:0x9986be8>):
    1: <h1>
    2:   <%= gravatar_image_tag @user.email %>
    3:   <%= @user.name %>
    4: </h1>
  app/views/users/show.html.erb:2:in `_app_views_users_show_html_erb__160202419_80489640_0'

Rendered /usr/local/lib/ruby/gems/1.8/gems/actionpack-3.0.1/lib/action_dispatch/middleware/templates/rescues/_trace.erb (1.3ms)
Rendered /usr/local/lib/ruby/gems/1.8/gems/actionpack-3.0.1/lib/action_dispatch/middleware/templates/rescues/_request_and_response.erb (55.3ms)
Rendered /usr/local/lib/ruby/gems/1.8/gems/actionpack-3.0.1/lib/action_dispatch/middleware/templates/rescues/template_error.erb within rescues/layout (61.4ms)


Started GET "/users/1" for 192.168.40.8 at Wed Mar 02 12:49:15 +0000 2011
  Processing by UsersController#show as HTML
  Parameters: {"id"=>"1"}
  [1m[36mUser Load (0.4ms)[0m  [1mSELECT "users".* FROM "users" WHERE ("users"."id" = 1) LIMIT 1[0m
Rendered users/show.html.erb within layouts/application (14.8ms)
Completed   in 40ms

ActionView::Template::Error (undefined method `gravatar_image_tag' for #<#<Class:0x9c2afd4>:0x9c24be8>):
    1: <h1>
    2:   <%= gravatar_image_tag @user.email %>
    3:   <%= @user.name %>
    4: </h1>
  app/views/users/show.html.erb:2:in `_app_views_users_show_html_erb__160202419_81854710_0'

Rendered /usr/local/lib/ruby/gems/1.8/gems/actionpack-3.0.1/lib/action_dispatch/middleware/templates/rescues/_trace.erb (2.1ms)
Rendered /usr/local/lib/ruby/gems/1.8/gems/actionpack-3.0.1/lib/action_dispatch/middleware/templates/rescues/_request_and_response.erb (7.2ms)
Rendered /usr/local/lib/ruby/gems/1.8/gems/actionpack-3.0.1/lib/action_dispatch/middleware/templates/rescues/template_error.erb within rescues/layout (16.4ms)


Started GET "/users/1" for 192.168.40.8 at Wed Mar 02 12:49:16 +0000 2011
  Processing by UsersController#show as HTML
  Parameters: {"id"=>"1"}
  [1m[35mUser Load (0.4ms)[0m  SELECT "users".* FROM "users" WHERE ("users"."id" = 1) LIMIT 1
Rendered users/show.html.erb within layouts/application (11.7ms)
Completed   in 35ms

ActionView::Template::Error (undefined method `gravatar_image_tag' for #<#<Class:0x998746c>:0x99862ec>):
    1: <h1>
    2:   <%= gravatar_image_tag @user.email %>
    3:   <%= @user.name %>
    4: </h1>
  app/views/users/show.html.erb:2:in `_app_views_users_show_html_erb__160202419_80487200_0'

Rendered /usr/local/lib/ruby/gems/1.8/gems/actionpack-3.0.1/lib/action_dispatch/middleware/templates/rescues/_trace.erb (1.3ms)
Rendered /usr/local/lib/ruby/gems/1.8/gems/actionpack-3.0.1/lib/action_dispatch/middleware/templates/rescues/_request_and_response.erb (49.9ms)
Rendered /usr/local/lib/ruby/gems/1.8/gems/actionpack-3.0.1/lib/action_dispatch/middleware/templates/rescues/template_error.erb within rescues/layout (56.8ms)


Started GET "/users/1" for 192.168.40.8 at Wed Mar 02 12:49:16 +0000 2011
  Processing by UsersController#show as HTML
  Parameters: {"id"=>"1"}
  [1m[36mUser Load (0.4ms)[0m  [1mSELECT "users".* FROM "users" WHERE ("users"."id" = 1) LIMIT 1[0m
Rendered users/show.html.erb within layouts/application (12.0ms)
Completed   in 35ms

ActionView::Template::Error (undefined method `gravatar_image_tag' for #<#<Class:0x9c3a3bc>:0x9c38850>):
    1: <h1>
    2:   <%= gravatar_image_tag @user.email %>
    3:   <%= @user.name %>
    4: </h1>
  app/views/users/show.html.erb:2:in `_app_views_users_show_html_erb__160202419_81893460_0'

Rendered /usr/local/lib/ruby/gems/1.8/gems/actionpack-3.0.1/lib/action_dispatch/middleware/templates/rescues/_trace.erb (3.0ms)
Rendered /usr/local/lib/ruby/gems/1.8/gems/actionpack-3.0.1/lib/action_dispatch/middleware/templates/rescues/_request_and_response.erb (9.6ms)
Rendered /usr/local/lib/ruby/gems/1.8/gems/actionpack-3.0.1/lib/action_dispatch/middleware/templates/rescues/template_error.erb within rescues/layout (41.0ms)


Started GET "/users/1" for 192.168.40.8 at Wed Mar 02 12:49:17 +0000 2011
  Processing by UsersController#show as HTML
  Parameters: {"id"=>"1"}
  [1m[35mUser Load (0.4ms)[0m  SELECT "users".* FROM "users" WHERE ("users"."id" = 1) LIMIT 1
Rendered users/show.html.erb within layouts/application (11.7ms)
Completed   in 37ms

ActionView::Template::Error (undefined method `gravatar_image_tag' for #<#<Class:0x998ddd0>:0x998c8cc>):
    1: <h1>
    2:   <%= gravatar_image_tag @user.email %>
    3:   <%= @user.name %>
    4: </h1>
  app/views/users/show.html.erb:2:in `_app_views_users_show_html_erb__160202419_80500430_0'

Rendered /usr/local/lib/ruby/gems/1.8/gems/actionpack-3.0.1/lib/action_dispatch/middleware/templates/rescues/_trace.erb (1.3ms)
Rendered /usr/local/lib/ruby/gems/1.8/gems/actionpack-3.0.1/lib/action_dispatch/middleware/templates/rescues/_request_and_response.erb (49.9ms)
Rendered /usr/local/lib/ruby/gems/1.8/gems/actionpack-3.0.1/lib/action_dispatch/middleware/templates/rescues/template_error.erb within rescues/layout (59.1ms)


Started GET "/users/1" for 192.168.40.8 at Wed Mar 02 12:52:39 +0000 2011
  Processing by UsersController#show as HTML
  Parameters: {"id"=>"1"}
  [1m[36mUser Load (1.4ms)[0m  [1mSELECT "users".* FROM "users" WHERE ("users"."id" = 1) LIMIT 1[0m
Rendered users/show.html.erb within layouts/application (11.7ms)
Completed   in 36ms

ActionView::Template::Error (undefined method `gravatar_url' for #<#<Class:0x9c4d084>:0x9c4bf40>):
    1: <h1>
    2:   <%= image_tag( gravatar_url(@user.email) ) %>
    3:   <%= @user.name %>
    4: </h1>
  app/views/users/show.html.erb:2:in `_app_views_users_show_html_erb__160202419_81942460_0'

Rendered /usr/local/lib/ruby/gems/1.8/gems/actionpack-3.0.1/lib/action_dispatch/middleware/templates/rescues/_trace.erb (1.2ms)
Rendered /usr/local/lib/ruby/gems/1.8/gems/actionpack-3.0.1/lib/action_dispatch/middleware/templates/rescues/_request_and_response.erb (6.8ms)
Rendered /usr/local/lib/ruby/gems/1.8/gems/actionpack-3.0.1/lib/action_dispatch/middleware/templates/rescues/template_error.erb within rescues/layout (13.2ms)


Started GET "/users/1" for 192.168.40.8 at Wed Mar 02 12:52:40 +0000 2011
  Processing by UsersController#show as HTML
  Parameters: {"id"=>"1"}
  [1m[35mUser Load (0.4ms)[0m  SELECT "users".* FROM "users" WHERE ("users"."id" = 1) LIMIT 1
Rendered users/show.html.erb within layouts/application (17.7ms)
Completed   in 41ms

ActionView::Template::Error (undefined method `gravatar_url' for #<#<Class:0x99c9c90>:0x99c70bc>):
    1: <h1>
    2:   <%= image_tag( gravatar_url(@user.email) ) %>
    3:   <%= @user.name %>
    4: </h1>
  app/views/users/show.html.erb:2:in `_app_views_users_show_html_erb__160202419_80619380_0'

Rendered /usr/local/lib/ruby/gems/1.8/gems/actionpack-3.0.1/lib/action_dispatch/middleware/templates/rescues/_trace.erb (1.6ms)
Rendered /usr/local/lib/ruby/gems/1.8/gems/actionpack-3.0.1/lib/action_dispatch/middleware/templates/rescues/_request_and_response.erb (6.8ms)
Rendered /usr/local/lib/ruby/gems/1.8/gems/actionpack-3.0.1/lib/action_dispatch/middleware/templates/rescues/template_error.erb within rescues/layout (59.1ms)


Started GET "/users/1" for 192.168.40.8 at Wed Mar 02 12:53:38 +0000 2011
  Processing by UsersController#show as HTML
  Parameters: {"id"=>"1"}
  [1m[36mUser Load (0.4ms)[0m  [1mSELECT "users".* FROM "users" WHERE ("users"."id" = 1) LIMIT 1[0m
Rendered users/show.html.erb within layouts/application (12.5ms)
Completed   in 36ms

ActionView::Template::Error (undefined method `gravatar_image_tag' for #<#<Class:0x9c52b24>:0x9c50234>):
    1: <h1>
    2:   <%= gravatar_image_tag @user.email %>
    3:   <%= @user.name %>
    4: </h1>
  app/views/users/show.html.erb:2:in `_app_views_users_show_html_erb__160202419_81946520_0'

Rendered /usr/local/lib/ruby/gems/1.8/gems/actionpack-3.0.1/lib/action_dispatch/middleware/templates/rescues/_trace.erb (1.7ms)
Rendered /usr/local/lib/ruby/gems/1.8/gems/actionpack-3.0.1/lib/action_dispatch/middleware/templates/rescues/_request_and_response.erb (6.7ms)
Rendered /usr/local/lib/ruby/gems/1.8/gems/actionpack-3.0.1/lib/action_dispatch/middleware/templates/rescues/template_error.erb within rescues/layout (13.5ms)


Started GET "/users/1" for 192.168.40.8 at Wed Mar 02 12:53:39 +0000 2011
  Processing by UsersController#show as HTML
  Parameters: {"id"=>"1"}
  [1m[35mUser Load (0.4ms)[0m  SELECT "users".* FROM "users" WHERE ("users"."id" = 1) LIMIT 1
Rendered users/show.html.erb within layouts/application (12.2ms)
Completed   in 36ms

ActionView::Template::Error (undefined method `gravatar_image_tag' for #<#<Class:0x99bf95c>:0x99bbadc>):
    1: <h1>
    2:   <%= gravatar_image_tag @user.email %>
    3:   <%= @user.name %>
    4: </h1>
  app/views/users/show.html.erb:2:in `_app_views_users_show_html_erb__160202419_80586330_0'

Rendered /usr/local/lib/ruby/gems/1.8/gems/actionpack-3.0.1/lib/action_dispatch/middleware/templates/rescues/_trace.erb (1.3ms)
Rendered /usr/local/lib/ruby/gems/1.8/gems/actionpack-3.0.1/lib/action_dispatch/middleware/templates/rescues/_request_and_response.erb (6.0ms)
Rendered /usr/local/lib/ruby/gems/1.8/gems/actionpack-3.0.1/lib/action_dispatch/middleware/templates/rescues/template_error.erb within rescues/layout (12.7ms)


Started GET "/users/1" for 192.168.40.8 at Wed Mar 02 12:53:39 +0000 2011
  Processing by UsersController#show as HTML
  Parameters: {"id"=>"1"}
  [1m[36mUser Load (0.3ms)[0m  [1mSELECT "users".* FROM "users" WHERE ("users"."id" = 1) LIMIT 1[0m
Rendered users/show.html.erb within layouts/application (12.0ms)
Completed   in 34ms

ActionView::Template::Error (undefined method `gravatar_image_tag' for #<#<Class:0x9c5f054>:0x9c5dad8>):
    1: <h1>
    2:   <%= gravatar_image_tag @user.email %>
    3:   <%= @user.name %>
    4: </h1>
  app/views/users/show.html.erb:2:in `_app_views_users_show_html_erb__160202419_81976360_0'

Rendered /usr/local/lib/ruby/gems/1.8/gems/actionpack-3.0.1/lib/action_dispatch/middleware/templates/rescues/_trace.erb (1.3ms)
Rendered /usr/local/lib/ruby/gems/1.8/gems/actionpack-3.0.1/lib/action_dispatch/middleware/templates/rescues/_request_and_response.erb (6.8ms)
Rendered /usr/local/lib/ruby/gems/1.8/gems/actionpack-3.0.1/lib/action_dispatch/middleware/templates/rescues/template_error.erb within rescues/layout (12.6ms)


Started GET "/users/1" for 192.168.40.8 at Wed Mar 02 12:53:40 +0000 2011
  Processing by UsersController#show as HTML
  Parameters: {"id"=>"1"}
  [1m[35mUser Load (0.5ms)[0m  SELECT "users".* FROM "users" WHERE ("users"."id" = 1) LIMIT 1
Rendered users/show.html.erb within layouts/application (11.2ms)
Completed   in 36ms

ActionView::Template::Error (undefined method `gravatar_image_tag' for #<#<Class:0x99ed6a4>:0x99ec4ac>):
    1: <h1>
    2:   <%= gravatar_image_tag @user.email %>
    3:   <%= @user.name %>
    4: </h1>
  app/views/users/show.html.erb:2:in `_app_views_users_show_html_erb__160202419_80698320_0'

Rendered /usr/local/lib/ruby/gems/1.8/gems/actionpack-3.0.1/lib/action_dispatch/middleware/templates/rescues/_trace.erb (1.2ms)
Rendered /usr/local/lib/ruby/gems/1.8/gems/actionpack-3.0.1/lib/action_dispatch/middleware/templates/rescues/_request_and_response.erb (6.4ms)
Rendered /usr/local/lib/ruby/gems/1.8/gems/actionpack-3.0.1/lib/action_dispatch/middleware/templates/rescues/template_error.erb within rescues/layout (12.8ms)


Started GET "/users/1" for 192.168.40.8 at Wed Mar 02 12:53:40 +0000 2011
  Processing by UsersController#show as HTML
  Parameters: {"id"=>"1"}
  [1m[36mUser Load (0.4ms)[0m  [1mSELECT "users".* FROM "users" WHERE ("users"."id" = 1) LIMIT 1[0m
Rendered users/show.html.erb within layouts/application (10.9ms)
Completed   in 33ms

ActionView::Template::Error (undefined method `gravatar_image_tag' for #<#<Class:0x9c84d2c>:0x9c82ec8>):
    1: <h1>
    2:   <%= gravatar_image_tag @user.email %>
    3:   <%= @user.name %>
    4: </h1>
  app/views/users/show.html.erb:2:in `_app_views_users_show_html_erb__160202419_82054060_0'

Rendered /usr/local/lib/ruby/gems/1.8/gems/actionpack-3.0.1/lib/action_dispatch/middleware/templates/rescues/_trace.erb (1.2ms)
Rendered /usr/local/lib/ruby/gems/1.8/gems/actionpack-3.0.1/lib/action_dispatch/middleware/templates/rescues/_request_and_response.erb (7.2ms)
Rendered /usr/local/lib/ruby/gems/1.8/gems/actionpack-3.0.1/lib/action_dispatch/middleware/templates/rescues/template_error.erb within rescues/layout (16.4ms)


Started GET "/users/1" for 192.168.40.8 at Wed Mar 02 12:55:33 +0000 2011
  Processing by UsersController#show as HTML
  Parameters: {"id"=>"1"}
  [1m[35mUser Load (0.5ms)[0m  SELECT "users".* FROM "users" WHERE ("users"."id" = 1) LIMIT 1
Rendered users/show.html.erb within layouts/application (12.5ms)
Completed   in 36ms

ActionView::Template::Error (undefined method `gravatar_image_tag' for #<#<Class:0x9a20edc>:0x9a1f988>):
    1: <h1>
    2:   <%= gravatar_image_tag @user.email %>
    3:   <%= @user.name %>
    4: </h1>
  app/views/users/show.html.erb:2:in `_app_views_users_show_html_erb__160202419_80794440_0'

Rendered /usr/local/lib/ruby/gems/1.8/gems/actionpack-3.0.1/lib/action_dispatch/middleware/templates/rescues/_trace.erb (1.3ms)
Rendered /usr/local/lib/ruby/gems/1.8/gems/actionpack-3.0.1/lib/action_dispatch/middleware/templates/rescues/_request_and_response.erb (5.8ms)
Rendered /usr/local/lib/ruby/gems/1.8/gems/actionpack-3.0.1/lib/action_dispatch/middleware/templates/rescues/template_error.erb within rescues/layout (13.9ms)


Started GET "/users/1" for 192.168.40.8 at Wed Mar 02 12:55:33 +0000 2011
  Processing by UsersController#show as HTML
  Parameters: {"id"=>"1"}
  [1m[36mUser Load (0.4ms)[0m  [1mSELECT "users".* FROM "users" WHERE ("users"."id" = 1) LIMIT 1[0m
Rendered users/show.html.erb within layouts/application (11.8ms)
Completed   in 35ms

ActionView::Template::Error (undefined method `gravatar_image_tag' for #<#<Class:0x9cb2ab0>:0x9cb1c3c>):
    1: <h1>
    2:   <%= gravatar_image_tag @user.email %>
    3:   <%= @user.name %>
    4: </h1>
  app/views/users/show.html.erb:2:in `_app_views_users_show_html_erb__160202419_82151180_0'

Rendered /usr/local/lib/ruby/gems/1.8/gems/actionpack-3.0.1/lib/action_dispatch/middleware/templates/rescues/_trace.erb (1.5ms)
Rendered /usr/local/lib/ruby/gems/1.8/gems/actionpack-3.0.1/lib/action_dispatch/middleware/templates/rescues/_request_and_response.erb (6.7ms)
Rendered /usr/local/lib/ruby/gems/1.8/gems/actionpack-3.0.1/lib/action_dispatch/middleware/templates/rescues/template_error.erb within rescues/layout (13.9ms)


Started GET "/users/1" for 192.168.40.8 at Wed Mar 02 12:55:48 +0000 2011
  Processing by UsersController#show as HTML
  Parameters: {"id"=>"1"}
  [1m[35mUser Load (0.4ms)[0m  SELECT "users".* FROM "users" WHERE ("users"."id" = 1) LIMIT 1
Rendered users/show.html.erb within layouts/application (12.9ms)
Completed   in 38ms

ActionView::Template::Error (undefined method `gravatar_image_tag' for #<#<Class:0x9a5b0f0>:0x9a5a164>):
    1: <h1>
    2:   <%= gravatar_image_tag @user.email %>
    3:   <%= @user.name %>
    4: </h1>
  app/views/users/show.html.erb:2:in `_app_views_users_show_html_erb__160202419_80918130_0'

Rendered /usr/local/lib/ruby/gems/1.8/gems/actionpack-3.0.1/lib/action_dispatch/middleware/templates/rescues/_trace.erb (1.5ms)
Rendered /usr/local/lib/ruby/gems/1.8/gems/actionpack-3.0.1/lib/action_dispatch/middleware/templates/rescues/_request_and_response.erb (6.0ms)
Rendered /usr/local/lib/ruby/gems/1.8/gems/actionpack-3.0.1/lib/action_dispatch/middleware/templates/rescues/template_error.erb within rescues/layout (12.3ms)


Started GET "/users/1" for 192.168.40.8 at Wed Mar 02 12:55:49 +0000 2011
  Processing by UsersController#show as HTML
  Parameters: {"id"=>"1"}
  [1m[36mUser Load (0.3ms)[0m  [1mSELECT "users".* FROM "users" WHERE ("users"."id" = 1) LIMIT 1[0m
Rendered users/show.html.erb within layouts/application (12.5ms)
Completed   in 79ms

ActionView::Template::Error (undefined method `gravatar_image_tag' for #<#<Class:0x9cce6d4>:0x9ccd1a8>):
    1: <h1>
    2:   <%= gravatar_image_tag @user.email %>
    3:   <%= @user.name %>
    4: </h1>
  app/views/users/show.html.erb:2:in `_app_views_users_show_html_erb__160202419_82206140_0'

Rendered /usr/local/lib/ruby/gems/1.8/gems/actionpack-3.0.1/lib/action_dispatch/middleware/templates/rescues/_trace.erb (1.4ms)
Rendered /usr/local/lib/ruby/gems/1.8/gems/actionpack-3.0.1/lib/action_dispatch/middleware/templates/rescues/_request_and_response.erb (8.6ms)
Rendered /usr/local/lib/ruby/gems/1.8/gems/actionpack-3.0.1/lib/action_dispatch/middleware/templates/rescues/template_error.erb within rescues/layout (17.0ms)


Started GET "/users/1" for 192.168.40.8 at Wed Mar 02 13:01:52 +0000 2011
  Processing by UsersController#show as HTML
  Parameters: {"id"=>"1"}
  [1m[35mUser Load (0.6ms)[0m  SELECT "users".* FROM "users" WHERE ("users"."id" = 1) LIMIT 1
Rendered layouts/_stylesheets.html.erb (1.4ms)
Rendered layouts/_header.html.erb (2.0ms)
Rendered layouts/_footer.html.erb (1.1ms)
Rendered users/show.html.erb within layouts/application (10.9ms)
Completed 200 OK in 34ms (Views: 16.0ms | ActiveRecord: 0.6ms)


Started GET "/" for 192.168.40.8 at Wed Mar 02 13:02:15 +0000 2011
  Processing by PagesController#home as HTML
Rendered layouts/_stylesheets.html.erb (1.1ms)
Rendered layouts/_header.html.erb (3.6ms)
Rendered layouts/_footer.html.erb (1.2ms)
Rendered pages/home.html.erb within layouts/application (13.8ms)
Completed 200 OK in 19ms (Views: 18.8ms | ActiveRecord: 0.0ms)


Started GET "/" for 192.168.40.8 at Wed Mar 02 13:05:09 +0000 2011
  Processing by PagesController#home as HTML
Rendered layouts/_stylesheets.html.erb (1.1ms)
Rendered layouts/_header.html.erb (1.6ms)
Rendered layouts/_footer.html.erb (1.1ms)
Rendered pages/home.html.erb within layouts/application (9.9ms)
Completed 200 OK in 17ms (Views: 15.9ms | ActiveRecord: 0.0ms)


Started GET "/users/1" for 192.168.40.8 at Wed Mar 02 13:05:14 +0000 2011
  Processing by UsersController#show as HTML
  Parameters: {"id"=>"1"}
  [1m[36mSQL (1.5ms)[0m  [1m SELECT name
 FROM sqlite_master
 WHERE type = 'table' AND NOT name = 'sqlite_sequence'
[0m
  [1m[35mUser Load (0.9ms)[0m  SELECT "users".* FROM "users" WHERE ("users"."id" = 1) LIMIT 1
Rendered layouts/_stylesheets.html.erb (1.4ms)
Rendered layouts/_header.html.erb (2.2ms)
Rendered layouts/_footer.html.erb (1.0ms)
Rendered users/show.html.erb within layouts/application (10.9ms)
Completed 200 OK in 115ms (Views: 15.6ms | ActiveRecord: 2.4ms)


Started GET "/users/1" for 192.168.40.8 at Wed Mar 02 13:06:29 +0000 2011
  Processing by UsersController#show as HTML
  Parameters: {"id"=>"1"}
  [1m[36mUser Load (0.4ms)[0m  [1mSELECT "users".* FROM "users" WHERE ("users"."id" = 1) LIMIT 1[0m
Rendered layouts/_stylesheets.html.erb (1.5ms)
Rendered layouts/_header.html.erb (1.7ms)
Rendered layouts/_footer.html.erb (1.1ms)
Rendered users/show.html.erb within layouts/application (10.6ms)
Completed 200 OK in 34ms (Views: 15.9ms | ActiveRecord: 0.4ms)
  [1m[36mSQL (1.6ms)[0m  [1m SELECT name
 FROM sqlite_master
 WHERE type = 'table' AND NOT name = 'sqlite_sequence'
[0m
  [1m[35mUser Load (0.3ms)[0m  SELECT "users".* FROM "users" LIMIT 1


Started GET "/users/1" for 192.168.40.8 at Wed Mar 02 13:08:57 +0000 2011
  Processing by UsersController#show as HTML
  Parameters: {"id"=>"1"}
  [1m[35mUser Load (0.4ms)[0m  SELECT "users".* FROM "users" WHERE ("users"."id" = 1) LIMIT 1
Rendered layouts/_stylesheets.html.erb (1.6ms)
Rendered layouts/_header.html.erb (2.1ms)
Rendered layouts/_footer.html.erb (1.4ms)
Rendered users/show.html.erb within layouts/application (11.4ms)
Completed 200 OK in 37ms (Views: 18.0ms | ActiveRecord: 0.4ms)


Started GET "/users/1" for 192.168.40.8 at Wed Mar 02 13:15:05 +0000 2011
  Processing by UsersController#show as HTML
  Parameters: {"id"=>"1"}
  [1m[36mUser Load (0.5ms)[0m  [1mSELECT "users".* FROM "users" WHERE ("users"."id" = 1) LIMIT 1[0m
Rendered layouts/_stylesheets.html.erb (1.3ms)
Rendered layouts/_header.html.erb (1.8ms)
Rendered layouts/_footer.html.erb (1.0ms)
Rendered users/show.html.erb within layouts/application (11.3ms)
Completed 200 OK in 102ms (Views: 16.5ms | ActiveRecord: 0.5ms)


Started GET "/users/1" for 192.168.40.8 at Wed Mar 02 13:15:18 +0000 2011
  Processing by UsersController#show as HTML
  Parameters: {"id"=>"1"}
  [1m[35mUser Load (0.3ms)[0m  SELECT "users".* FROM "users" WHERE ("users"."id" = 1) LIMIT 1
Rendered layouts/_stylesheets.html.erb (1.4ms)
Rendered layouts/_header.html.erb (1.6ms)
Rendered layouts/_footer.html.erb (0.9ms)
Rendered users/show.html.erb within layouts/application (9.7ms)
Completed 200 OK in 32ms (Views: 14.8ms | ActiveRecord: 0.3ms)


Started GET "/users/1" for 192.168.40.8 at Wed Mar 02 13:21:12 +0000 2011

SyntaxError (/var/www/sample_app/app/helpers/users_helper.rb:3: syntax error, unexpected '{', expecting ')'
  def gravatar_for( user, options { :size => 50 } )
                                   ^
/var/www/sample_app/app/helpers/users_helper.rb:7: syntax error, unexpected kEND, expecting $end):
  app/controllers/application_controller.rb:1
  app/controllers/users_controller.rb:1

Rendered /usr/local/lib/ruby/gems/1.8/gems/actionpack-3.0.1/lib/action_dispatch/middleware/templates/rescues/_trace.erb (3.0ms)
Rendered /usr/local/lib/ruby/gems/1.8/gems/actionpack-3.0.1/lib/action_dispatch/middleware/templates/rescues/_request_and_response.erb (4.5ms)
Rendered /usr/local/lib/ruby/gems/1.8/gems/actionpack-3.0.1/lib/action_dispatch/middleware/templates/rescues/diagnostics.erb within rescues/layout (16.2ms)


Started GET "/users/1" for 192.168.40.8 at Wed Mar 02 13:21:43 +0000 2011
  Processing by UsersController#show as HTML
  Parameters: {"id"=>"1"}
  [1m[36mUser Load (0.4ms)[0m  [1mSELECT "users".* FROM "users" WHERE ("users"."id" = 1) LIMIT 1[0m
Rendered layouts/_stylesheets.html.erb (1.3ms)
Rendered layouts/_header.html.erb (1.9ms)
Rendered layouts/_footer.html.erb (1.0ms)
Rendered users/show.html.erb within layouts/application (10.1ms)
Completed 200 OK in 34ms (Views: 15.6ms | ActiveRecord: 0.4ms)


Started GET "/users/1" for 192.168.40.8 at Wed Mar 02 13:25:18 +0000 2011
  Processing by UsersController#show as HTML
  Parameters: {"id"=>"1"}
  [1m[35mUser Load (0.5ms)[0m  SELECT "users".* FROM "users" WHERE ("users"."id" = 1) LIMIT 1
Rendered layouts/_stylesheets.html.erb (1.6ms)
Rendered layouts/_header.html.erb (2.4ms)
Rendered layouts/_footer.html.erb (2.8ms)
Rendered users/show.html.erb within layouts/application (17.4ms)
Completed 200 OK in 50ms (Views: 26.2ms | ActiveRecord: 0.5ms)


Started GET "/users/1" for 192.168.40.8 at Wed Mar 02 13:29:15 +0000 2011
  Processing by UsersController#show as HTML
  Parameters: {"id"=>"1"}
  [1m[36mUser Load (0.4ms)[0m  [1mSELECT "users".* FROM "users" WHERE ("users"."id" = 1) LIMIT 1[0m
Rendered layouts/_stylesheets.html.erb (1.5ms)
Rendered layouts/_header.html.erb (1.7ms)
Rendered layouts/_footer.html.erb (1.1ms)
Rendered users/show.html.erb within layouts/application (11.2ms)
Completed 200 OK in 34ms (Views: 17.4ms | ActiveRecord: 0.4ms)


Started GET "/users/1" for 192.168.40.8 at Wed Mar 02 13:30:26 +0000 2011
  Processing by UsersController#show as HTML
  Parameters: {"id"=>"1"}
  [1m[35mUser Load (0.3ms)[0m  SELECT "users".* FROM "users" WHERE ("users"."id" = 1) LIMIT 1
Rendered layouts/_stylesheets.html.erb (1.5ms)
Rendered layouts/_header.html.erb (2.1ms)
Rendered layouts/_footer.html.erb (1.5ms)
Rendered users/show.html.erb within layouts/application (12.2ms)
Completed 200 OK in 38ms (Views: 18.0ms | ActiveRecord: 0.3ms)
  [1m[36mSQL (1.4ms)[0m  [1mselect sqlite_version(*)[0m
  [1m[35mSQL (1.1ms)[0m   SELECT name
 FROM sqlite_master
 WHERE type = 'table' AND NOT name = 'sqlite_sequence'
  [1m[36mSQL (34.5ms)[0m  [1mCREATE TABLE "users" ("id" INTEGER PRIMARY KEY AUTOINCREMENT NOT NULL, "name" varchar(255), "email" varchar(255), "created_at" datetime, "updated_at" datetime, "encrypted_password" varchar(255), "salt" varchar(255)) [0m
  [1m[35mSQL (0.2ms)[0m  PRAGMA index_list("users")
  [1m[36mSQL (12.1ms)[0m  [1mCREATE UNIQUE INDEX "index_users_on_email" ON "users" ("email")[0m
  [1m[35mSQL (0.3ms)[0m   SELECT name
 FROM sqlite_master
 WHERE type = 'table' AND NOT name = 'sqlite_sequence'
  [1m[36mSQL (16.9ms)[0m  [1mCREATE TABLE "schema_migrations" ("version" varchar(255) NOT NULL) [0m
  [1m[35mSQL (0.3ms)[0m  PRAGMA index_list("schema_migrations")
  [1m[36mSQL (30.5ms)[0m  [1mCREATE UNIQUE INDEX "unique_schema_migrations" ON "schema_migrations" ("version")[0m
  [1m[35mSQL (0.3ms)[0m   SELECT name
 FROM sqlite_master
 WHERE type = 'table' AND NOT name = 'sqlite_sequence'
  [1m[36mSQL (0.2ms)[0m  [1mSELECT version FROM "schema_migrations"[0m
  [1m[35mSQL (10.7ms)[0m  INSERT INTO "schema_migrations" (version) VALUES ('20110302020535')
  [1m[36mSQL (13.5ms)[0m  [1mINSERT INTO "schema_migrations" (version) VALUES ('20110301182502')[0m
  [1m[35mSQL (13.1ms)[0m  INSERT INTO "schema_migrations" (version) VALUES ('20110301184651')
  [1m[36mSQL (12.6ms)[0m  [1mINSERT INTO "schema_migrations" (version) VALUES ('20110301181455')[0m
  [1m[35mSQL (0.3ms)[0m   SELECT name
 FROM sqlite_master
 WHERE type = 'table' AND NOT name = 'sqlite_sequence'
  [1m[36mSQL (0.4ms)[0m  [1m SELECT name
 FROM sqlite_master
 WHERE type = 'table' AND NOT name = 'sqlite_sequence'
[0m
  [1m[35mSQL (0.3ms)[0m  SELECT "schema_migrations"."version" FROM "schema_migrations"


Started GET "/users/1" for 192.168.40.8 at Wed Mar 02 13:45:44 +0000 2011
  Processing by UsersController#show as HTML
  Parameters: {"id"=>"1"}
  [1m[36mUser Load (0.2ms)[0m  [1mSELECT "users".* FROM "users" WHERE ("users"."id" = 1) LIMIT 1[0m
Completed   in 15ms

ActiveRecord::RecordNotFound (Couldn't find User with ID=1):
  app/controllers/users_controller.rb:4:in `show'

Rendered /usr/local/lib/ruby/gems/1.8/gems/actionpack-3.0.1/lib/action_dispatch/middleware/templates/rescues/_trace.erb (1.2ms)
Rendered /usr/local/lib/ruby/gems/1.8/gems/actionpack-3.0.1/lib/action_dispatch/middleware/templates/rescues/_request_and_response.erb (5.7ms)
Rendered /usr/local/lib/ruby/gems/1.8/gems/actionpack-3.0.1/lib/action_dispatch/middleware/templates/rescues/diagnostics.erb within rescues/layout (13.3ms)


Started GET "/" for 192.168.40.8 at Wed Mar 02 13:45:51 +0000 2011
  Processing by PagesController#home as HTML
Rendered layouts/_stylesheets.html.erb (1.3ms)
Rendered layouts/_header.html.erb (1.8ms)
Rendered layouts/_footer.html.erb (2.3ms)
Rendered pages/home.html.erb within layouts/application (11.5ms)
Completed 200 OK in 17ms (Views: 16.8ms | ActiveRecord: 0.2ms)


Started GET "/signup" for 192.168.40.8 at Wed Mar 02 13:45:53 +0000 2011
  Processing by UsersController#new as HTML
Rendered layouts/_stylesheets.html.erb (3.4ms)
Rendered layouts/_header.html.erb (2.5ms)
Rendered layouts/_footer.html.erb (1.5ms)
Rendered users/new.html.erb within layouts/application (128.9ms)
Completed 200 OK in 146ms (Views: 134.3ms | ActiveRecord: 0.0ms)


Started POST "/users" for 192.168.40.8 at Wed Mar 02 13:55:02 +0000 2011

AbstractController::ActionNotFound (The action 'create' could not be found for UsersController):
  

Rendered /usr/local/lib/ruby/gems/1.8/gems/actionpack-3.0.1/lib/action_dispatch/middleware/templates/rescues/unknown_action.erb within rescues/layout (0.6ms)


Started POST "/users" for 192.168.40.8 at Wed Mar 02 14:05:49 +0000 2011

AbstractController::ActionNotFound (The action 'create' could not be found for UsersController):
  

Rendered /usr/local/lib/ruby/gems/1.8/gems/actionpack-3.0.1/lib/action_dispatch/middleware/templates/rescues/unknown_action.erb within rescues/layout (0.6ms)


Started POST "/users" for 192.168.40.8 at Wed Mar 02 14:06:02 +0000 2011
  Processing by UsersController#create as HTML
  Parameters: {"commit"=>"Sign up", "authenticity_token"=>"wlnbH+1iRMhpY3PbRgle4vaZ+d4vNtPOjKqSMs0VQrk=", "utf8"=>"\342\234\223", "user"=>{"name"=>"Failure Jones", "password_confirmation"=>"[FILTERED]", "password"=>"[FILTERED]", "email"=>"fail@invalid"}}
  [1m[35mUser Load (0.3ms)[0m  SELECT "users"."id" FROM "users" WHERE (LOWER("users"."email") = LOWER('fail@invalid')) LIMIT 1
Rendered layouts/_stylesheets.html.erb (4.7ms)
Rendered layouts/_header.html.erb (2.5ms)
Rendered layouts/_footer.html.erb (2.8ms)
Rendered users/new.html.erb within layouts/application (26.2ms)
Completed 200 OK in 82ms (Views: 33.0ms | ActiveRecord: 0.3ms)


Started POST "/users" for 192.168.40.8 at Wed Mar 02 14:19:41 +0000 2011
  Processing by UsersController#create as HTML
  Parameters: {"commit"=>"Sign up", "authenticity_token"=>"wlnbH+1iRMhpY3PbRgle4vaZ+d4vNtPOjKqSMs0VQrk=", "utf8"=>"\342\234\223", "user"=>{"name"=>"Failure Jones", "password_confirmation"=>"[FILTERED]", "password"=>"[FILTERED]", "email"=>"fail@invalid"}}
  [1m[36mUser Load (0.3ms)[0m  [1mSELECT "users"."id" FROM "users" WHERE (LOWER("users"."email") = LOWER('fail@invalid')) LIMIT 1[0m
Rendered shared/_error_messages.html.erb (4.4ms)
Rendered users/new.html.erb within layouts/application (7.5ms)
Completed   in 35ms

ActionView::Template::Error (You have a nil object when you didn't expect it!
You might have expected an instance of ActiveRecord::Base.
The error occurred while evaluating nil.errors):
    1: <% if @users.errors.any? %>
    2:   <div id="error_explanation">
    3:     <h2><%= pluralize(@user.errors.count, "error") %>
    4:       prohibited this user from being saved:</h2>
  app/views/shared/_error_messages.html.erb:1:in `_app_views_shared__error_messages_html_erb___408937348_90282860_634416'
  app/views/users/new.html.erb:4:in `_app_views_users_new_html_erb__980255673_90300070_0'
  app/views/users/new.html.erb:3:in `_app_views_users_new_html_erb__980255673_90300070_0'
  app/controllers/users_controller.rb:19:in `create'

Rendered /usr/local/lib/ruby/gems/1.8/gems/actionpack-3.0.1/lib/action_dispatch/middleware/templates/rescues/_trace.erb (1.3ms)
Rendered /usr/local/lib/ruby/gems/1.8/gems/actionpack-3.0.1/lib/action_dispatch/middleware/templates/rescues/_request_and_response.erb (11.1ms)
Rendered /usr/local/lib/ruby/gems/1.8/gems/actionpack-3.0.1/lib/action_dispatch/middleware/templates/rescues/template_error.erb within rescues/layout (18.7ms)
  [1m[36mSQL (0.5ms)[0m  [1m SELECT name
 FROM sqlite_master
 WHERE type = 'table' AND NOT name = 'sqlite_sequence'
[0m
  [1m[35mUser Load (0.2ms)[0m  SELECT "users"."id" FROM "users" WHERE (LOWER("users"."email") = LOWER('foo@invalid')) LIMIT 1


Started POST "/users" for 192.168.40.8 at Wed Mar 02 14:25:32 +0000 2011
  Processing by UsersController#create as HTML
  Parameters: {"commit"=>"Sign up", "authenticity_token"=>"wlnbH+1iRMhpY3PbRgle4vaZ+d4vNtPOjKqSMs0VQrk=", "utf8"=>"\342\234\223", "user"=>{"name"=>"Failure", "password_confirmation"=>"[FILTERED]", "password"=>"[FILTERED]", "email"=>"fail@invalid"}}
  [1m[35mUser Load (0.2ms)[0m  SELECT "users"."id" FROM "users" WHERE (LOWER("users"."email") = LOWER('fail@invalid')) LIMIT 1
Rendered shared/_error_messages.html.erb (0.9ms)
Rendered users/new.html.erb within layouts/application (3.9ms)
Completed   in 31ms

ActionView::Template::Error (You have a nil object when you didn't expect it!
You might have expected an instance of ActiveRecord::Base.
The error occurred while evaluating nil.errors):
    1: <% if @users.errors.any? %>
    2:   <div id="error_explanation">
    3:     <h2><%= pluralize(@user.errors.count, "error") %>
    4:       prohibited this user from being saved:</h2>
  app/views/shared/_error_messages.html.erb:1:in `_app_views_shared__error_messages_html_erb___408937348_91735860_634416'
  app/views/users/new.html.erb:4:in `_app_views_users_new_html_erb__980255673_91753250_0'
  app/views/users/new.html.erb:3:in `_app_views_users_new_html_erb__980255673_91753250_0'
  app/controllers/users_controller.rb:19:in `create'

Rendered /usr/local/lib/ruby/gems/1.8/gems/actionpack-3.0.1/lib/action_dispatch/middleware/templates/rescues/_trace.erb (1.4ms)
Rendered /usr/local/lib/ruby/gems/1.8/gems/actionpack-3.0.1/lib/action_dispatch/middleware/templates/rescues/_request_and_response.erb (7.9ms)
Rendered /usr/local/lib/ruby/gems/1.8/gems/actionpack-3.0.1/lib/action_dispatch/middleware/templates/rescues/template_error.erb within rescues/layout (14.5ms)


Started POST "/users" for 192.168.40.8 at Wed Mar 02 14:26:14 +0000 2011
  Processing by UsersController#create as HTML
  Parameters: {"commit"=>"Sign up", "authenticity_token"=>"wlnbH+1iRMhpY3PbRgle4vaZ+d4vNtPOjKqSMs0VQrk=", "utf8"=>"\342\234\223", "user"=>{"name"=>"Failure", "password_confirmation"=>"[FILTERED]", "password"=>"[FILTERED]", "email"=>"fail@invalid"}}
  [1m[36mUser Load (0.3ms)[0m  [1mSELECT "users"."id" FROM "users" WHERE (LOWER("users"."email") = LOWER('fail@invalid')) LIMIT 1[0m
Rendered shared/_error_messages.html.erb (2.7ms)
Rendered layouts/_stylesheets.html.erb (2.1ms)
Rendered layouts/_header.html.erb (1.7ms)
Rendered layouts/_footer.html.erb (1.0ms)
Rendered users/new.html.erb within layouts/application (21.0ms)
Completed 200 OK in 52ms (Views: 26.8ms | ActiveRecord: 0.3ms)


Started POST "/users" for 192.168.40.8 at Wed Mar 02 14:32:31 +0000 2011
  Processing by UsersController#create as HTML
  Parameters: {"commit"=>"Sign up", "authenticity_token"=>"wlnbH+1iRMhpY3PbRgle4vaZ+d4vNtPOjKqSMs0VQrk=", "utf8"=>"\342\234\223", "user"=>{"name"=>"First User", "password_confirmation"=>"[FILTERED]", "password"=>"[FILTERED]", "email"=>"first@example.com"}}
  [1m[35mUser Load (0.4ms)[0m  SELECT "users"."id" FROM "users" WHERE (LOWER("users"."email") = LOWER('first@example.com')) LIMIT 1
  [1m[36mSQL (0.7ms)[0m  [1mINSERT INTO "users" ("created_at", "email", "encrypted_password", "name", "salt", "updated_at") VALUES ('2011-03-02 14:32:32.029851', 'first@example.com', 'c5686fb2c2de84fe33fca1e2fa72b6d9cc51fee0065bd3280718d47d5709aac7', 'First User', 'e44d019f7386ffa9a38c9cd307e4d079f340817ce6370cd2b8340aefbf6efa8a', '2011-03-02 14:32:32.029851')[0m
Redirected to http://192.168.40.9:3000/users/1
Completed 302 Found in 122ms


Started GET "/users/1" for 192.168.40.8 at Wed Mar 02 14:32:32 +0000 2011
  Processing by UsersController#show as HTML
  Parameters: {"id"=>"1"}
  [1m[35mUser Load (0.5ms)[0m  SELECT "users".* FROM "users" WHERE ("users"."id" = 1) LIMIT 1
Rendered layouts/_stylesheets.html.erb (1.2ms)
Rendered layouts/_header.html.erb (1.9ms)
Rendered layouts/_footer.html.erb (1.1ms)
Rendered users/show.html.erb within layouts/application (12.3ms)
Completed 200 OK in 34ms (Views: 17.2ms | ActiveRecord: 1.5ms)


Started POST "/users" for 192.168.40.8 at Wed Mar 02 14:32:45 +0000 2011
  Processing by UsersController#create as HTML
  Parameters: {"commit"=>"Sign up", "authenticity_token"=>"wlnbH+1iRMhpY3PbRgle4vaZ+d4vNtPOjKqSMs0VQrk=", "utf8"=>"\342\234\223", "user"=>{"name"=>"First User", "password_confirmation"=>"[FILTERED]", "password"=>"[FILTERED]", "email"=>"first@example.com"}}
  [1m[36mUser Load (0.4ms)[0m  [1mSELECT "users"."id" FROM "users" WHERE (LOWER("users"."email") = LOWER('first@example.com')) LIMIT 1[0m
Rendered shared/_error_messages.html.erb (2.6ms)
Rendered layouts/_stylesheets.html.erb (1.7ms)
Rendered layouts/_header.html.erb (1.9ms)
Rendered layouts/_footer.html.erb (0.9ms)
Rendered users/new.html.erb within layouts/application (19.6ms)
Completed 200 OK in 50ms (Views: 24.4ms | ActiveRecord: 0.4ms)


Started GET "/" for 192.168.40.8 at Wed Mar 02 14:32:50 +0000 2011
  Processing by PagesController#home as HTML
Rendered layouts/_stylesheets.html.erb (1.3ms)
Rendered layouts/_header.html.erb (1.6ms)
Rendered layouts/_footer.html.erb (1.8ms)
Rendered pages/home.html.erb within layouts/application (12.0ms)
Completed 200 OK in 18ms (Views: 17.7ms | ActiveRecord: 0.0ms)


Started GET "/users/1" for 192.168.40.8 at Wed Mar 02 14:32:53 +0000 2011
  Processing by UsersController#show as HTML
  Parameters: {"id"=>"1"}
  [1m[35mUser Load (0.7ms)[0m  SELECT "users".* FROM "users" WHERE ("users"."id" = 1) LIMIT 1
Rendered layouts/_stylesheets.html.erb (1.4ms)
Rendered layouts/_header.html.erb (1.7ms)
Rendered layouts/_footer.html.erb (0.9ms)
Rendered users/show.html.erb within layouts/application (11.9ms)
Completed 200 OK in 103ms (Views: 17.5ms | ActiveRecord: 0.7ms)


Started GET "/users/1" for 192.168.40.8 at Wed Mar 02 14:35:29 +0000 2011
  Processing by UsersController#show as HTML
  Parameters: {"id"=>"1"}
  [1m[36mUser Load (0.4ms)[0m  [1mSELECT "users".* FROM "users" WHERE ("users"."id" = 1) LIMIT 1[0m
Rendered layouts/_stylesheets.html.erb (1.5ms)
Rendered layouts/_header.html.erb (1.5ms)
Rendered layouts/_footer.html.erb (0.9ms)
Rendered users/show.html.erb within layouts/application (12.7ms)
Completed 200 OK in 38ms (Views: 19.7ms | ActiveRecord: 0.4ms)


Started GET "/users/1" for 192.168.40.8 at Wed Mar 02 14:36:24 +0000 2011
  Processing by UsersController#show as HTML
  Parameters: {"id"=>"1"}
  [1m[35mUser Load (0.4ms)[0m  SELECT "users".* FROM "users" WHERE ("users"."id" = 1) LIMIT 1
Rendered layouts/_stylesheets.html.erb (1.4ms)
Rendered layouts/_header.html.erb (1.6ms)
Rendered layouts/_footer.html.erb (1.0ms)
Rendered users/show.html.erb within layouts/application (11.5ms)
Completed 200 OK in 36ms (Views: 17.4ms | ActiveRecord: 0.4ms)


Started GET "/" for 192.168.40.8 at Wed Mar 02 14:36:38 +0000 2011
  Processing by PagesController#home as HTML
Rendered layouts/_stylesheets.html.erb (1.4ms)
Rendered layouts/_header.html.erb (2.3ms)
Rendered layouts/_footer.html.erb (1.3ms)
Rendered pages/home.html.erb within layouts/application (11.3ms)
Completed 200 OK in 18ms (Views: 16.4ms | ActiveRecord: 0.0ms)


Started GET "/signup" for 192.168.40.8 at Wed Mar 02 14:36:40 +0000 2011
  Processing by UsersController#new as HTML
Rendered shared/_error_messages.html.erb (0.7ms)
Rendered layouts/_stylesheets.html.erb (1.2ms)
Rendered layouts/_header.html.erb (2.8ms)
Rendered layouts/_footer.html.erb (1.1ms)
Rendered users/new.html.erb within layouts/application (23.4ms)
Completed 200 OK in 47ms (Views: 29.5ms | ActiveRecord: 0.0ms)


Started POST "/users" for 192.168.40.8 at Wed Mar 02 14:36:55 +0000 2011
  Processing by UsersController#create as HTML
  Parameters: {"commit"=>"Sign up", "authenticity_token"=>"wlnbH+1iRMhpY3PbRgle4vaZ+d4vNtPOjKqSMs0VQrk=", "utf8"=>"\342\234\223", "user"=>{"name"=>"Rails Example", "password_confirmation"=>"[FILTERED]", "password"=>"[FILTERED]", "email"=>"example@railstutorial.com"}}
  [1m[36mUser Load (0.3ms)[0m  [1mSELECT "users"."id" FROM "users" WHERE (LOWER("users"."email") = LOWER('example@railstutorial.com')) LIMIT 1[0m
  [1m[35mSQL (0.4ms)[0m  INSERT INTO "users" ("created_at", "email", "encrypted_password", "name", "salt", "updated_at") VALUES ('2011-03-02 14:36:55.324415', 'example@railstutorial.com', 'dc74fc53650b1c7c594b4c1a15b4846d3fe8383b1845e0c866489eec322b6fc1', 'Rails Example', '813b0b8a474763269af2393e9b196859f046880d79cd3da55972ccfe18d157e9', '2011-03-02 14:36:55.324415')
Redirected to http://192.168.40.9:3000/users/2
Completed 302 Found in 37ms


Started GET "/users/2" for 192.168.40.8 at Wed Mar 02 14:36:55 +0000 2011
  Processing by UsersController#show as HTML
  Parameters: {"id"=>"2"}
  [1m[36mUser Load (0.4ms)[0m  [1mSELECT "users".* FROM "users" WHERE ("users"."id" = 2) LIMIT 1[0m
Rendered layouts/_stylesheets.html.erb (1.4ms)
Rendered layouts/_header.html.erb (2.1ms)
Rendered layouts/_footer.html.erb (2.4ms)
Rendered users/show.html.erb within layouts/application (14.0ms)
Completed 200 OK in 38ms (Views: 20.2ms | ActiveRecord: 0.4ms)


Started GET "/users/2" for 192.168.40.8 at Wed Mar 02 14:37:06 +0000 2011
  Processing by UsersController#show as HTML
  Parameters: {"id"=>"2"}
  [1m[35mUser Load (0.4ms)[0m  SELECT "users".* FROM "users" WHERE ("users"."id" = 2) LIMIT 1
Rendered layouts/_stylesheets.html.erb (1.3ms)
Rendered layouts/_header.html.erb (1.6ms)
Rendered layouts/_footer.html.erb (1.0ms)
Rendered users/show.html.erb within layouts/application (12.1ms)
Completed 200 OK in 88ms (Views: 70.2ms | ActiveRecord: 0.4ms)
